Starting embedding diffusion evaluation for ml1m dataset...
Test data path: datasets/lxr-CE/ML1M/test_data_ML1M.csv
VAE checkpoint path: checkpoints/recommenders/VAE/VAE_ML1M_4_28_128newbest.pt
Diffusion model path: checkpoints/diffusionModels/diffusion_transformer_ml1m_best_aug13th_loss065.pth
User history dimension: 3381
Timesteps: 120
Guidance lambda: 3.0
Loaded 1208 test users
Starting evaluation on 1208 test users...
Processing user 0/1208
successful the user history is 220
successful the user history is 106
successful the user history is 30
successful the user history is 29
successful the user history is 254
successful the user history is 50
User 6: orig_top1=3356, new_top1=3356, items_removed=[2618, 2255, 927], user_hist_len=36
successful the user history is 34
successful the user history is 72
User 9: orig_top1=996, new_top1=996, items_removed=[997, 719, 2169, 1676, 1021, 2424], user_hist_len=64
successful the user history is 47
successful the user history is 49
successful the user history is 223
successful the user history is 225
successful the user history is 21
User 15: orig_top1=3029, new_top1=3029, items_removed=[3046], user_hist_len=6
successful the user history is 159
User 17: orig_top1=2424, new_top1=2424, items_removed=[489, 559, 547, 719, 994, 1938, 1346, 1008, 759, 1045], user_hist_len=106
successful the user history is 21
successful the user history is 17
User 20: orig_top1=1667, new_top1=1667, items_removed=[1048, 752, 3091, 757, 1916], user_hist_len=53
successful the user history is 121
successful the user history is 230
User 23: orig_top1=1063, new_top1=1063, items_removed=[0], user_hist_len=15
successful the user history is 96
successful the user history is 110
successful the user history is 187
successful the user history is 79
successful the user history is 353
User 29: orig_top1=269, new_top1=269, items_removed=[48, 2424], user_hist_len=24
successful the user history is 22
successful the user history is 167
successful the user history is 31
successful the user history is 27
successful the user history is 284
successful the user history is 116
successful the user history is 13
User 37: orig_top1=1022, new_top1=1022, items_removed=[1010, 2971, 996, 2169, 236, 545, 420, 2504, 1648, 1038, 1014, 1000, 544, 1102, 719, 998, 1839, 1339, 3026, 927, 1021, 875, 442, 1068, 2507, 2857, 3099, 930], user_hist_len=287
successful the user history is 47
successful the user history is 80
successful the user history is 212
User 41: orig_top1=1081, new_top1=1081, items_removed=[2948, 1050, 646, 816, 236], user_hist_len=55
User 42: orig_top1=2723, new_top1=2723, items_removed=[3340, 3325, 3380, 2424, 489, 2823, 3376, 1172, 3345, 1676, 547, 2551, 2961, 2191, 2169, 896, 48, 3046, 1572, 290, 559, 1346, 420, 442, 2895, 1310, 998, 2008, 1420, 2476], user_hist_len=303
successful the user history is 68
User 44: orig_top1=1000, new_top1=1000, items_removed=[442, 103], user_hist_len=29
successful the user history is 47
successful the user history is 608
successful the user history is 85
successful the user history is 44
successful the user history is 224
successful the user history is 63
successful the user history is 112
User 52: orig_top1=1303, new_top1=1303, items_removed=[2036, 1063, 2043, 310], user_hist_len=44
successful the user history is 89
User 54: orig_top1=2169, new_top1=2169, items_removed=[544, 996], user_hist_len=22
successful the user history is 88
successful the user history is 302
User 57: orig_top1=3344, new_top1=3344, items_removed=[3379, 3339, 3340, 3380, 2992], user_hist_len=50
successful the user history is 33
successful the user history is 131
successful the user history is 37
successful the user history is 82
successful the user history is 118
successful the user history is 207
User 64: orig_top1=3127, new_top1=3127, items_removed=[1733, 874], user_hist_len=26
User 65: orig_top1=749, new_top1=749, items_removed=[752, 802, 758, 757, 759, 989, 2008, 1029, 998, 2608, 816, 762], user_hist_len=122
User 66: orig_top1=2023, new_top1=2023, items_removed=[2021, 1068, 998, 996, 927, 2379, 236, 1610, 1010, 930, 1761, 547, 1603, 442, 103], user_hist_len=151
successful the user history is 514
successful the user history is 136
successful the user history is 80
User 70: orig_top1=1156, new_top1=1156, items_removed=[3237, 2809, 544, 1072, 2169, 1010, 639], user_hist_len=77
successful the user history is 39
successful the user history is 18
User 73: orig_top1=290, new_top1=290, items_removed=[48, 2424, 1346, 2551], user_hist_len=43
User 74: orig_top1=2424, new_top1=2424, items_removed=[2515], user_hist_len=9
successful the user history is 86
successful the user history is 18
successful the user history is 160
successful the user history is 27
successful the user history is 99
successful the user history is 309
successful the user history is 105
successful the user history is 21
successful the user history is 87
successful the user history is 15
successful the user history is 204
successful the user history is 33
User 87: orig_top1=2424, new_top1=2424, items_removed=[771], user_hist_len=19
successful the user history is 148
successful the user history is 10
User 90: orig_top1=1063, new_top1=1063, items_removed=[1105], user_hist_len=17
successful the user history is 352
successful the user history is 226
User 93: orig_top1=2559, new_top1=2559, items_removed=[1676, 920, 320, 2454, 1040, 547, 290, 545, 1339, 420, 1888, 103, 1610, 1337, 436, 442, 2774, 1010], user_hist_len=187
successful the user history is 52
User 95: orig_top1=2008, new_top1=2008, items_removed=[2424, 2657], user_hist_len=24
successful the user history is 192
successful the user history is 98
successful the user history is 25
successful the user history is 54
Processing user 100/1208
User 100: orig_top1=499, new_top1=499, items_removed=[559, 2688], user_hist_len=29
User 101: orig_top1=420, new_top1=420, items_removed=[2476, 547, 998, 2169, 442, 1089, 489, 1648, 236, 1010, 719, 875, 290, 1346, 1068, 996, 1294, 559, 997, 1038, 1166, 2339], user_hist_len=221
successful the user history is 36
successful the user history is 56
successful the user history is 95
successful the user history is 18
successful the user history is 37
successful the user history is 178
successful the user history is 450
successful the user history is 27
successful the user history is 176
successful the user history is 35
User 112: orig_top1=2103, new_top1=2103, items_removed=[1310, 996, 1010, 2906, 1092, 2933, 1152, 2366, 1648, 1068, 0, 1918, 1063, 236, 1751], user_hist_len=158
User 113: orig_top1=910, new_top1=910, items_removed=[954, 1086, 1034, 1029, 2191, 3123, 1076, 1006, 2424, 1063, 2478, 2586, 2909, 909, 236, 547, 2366, 719, 905, 2325, 2242, 1068, 2551], user_hist_len=234
successful the user history is 53
successful the user history is 135
successful the user history is 22
successful the user history is 17
successful the user history is 42
User 119: orig_top1=3325, new_top1=3325, items_removed=[3380], user_hist_len=17
User 120: orig_top1=103, new_top1=103, items_removed=[1676], user_hist_len=18
User 121: orig_top1=489, new_top1=489, items_removed=[2424], user_hist_len=18
successful the user history is 30
successful the user history is 57
User 124: orig_top1=646, new_top1=646, items_removed=[1006, 771, 907, 719, 502, 1051], user_hist_len=68
successful the user history is 112
successful the user history is 14
successful the user history is 454
successful the user history is 80
successful the user history is 70
User 130: orig_top1=1755, new_top1=1755, items_removed=[1105, 1020, 910, 2906, 954, 2366, 3026, 1572, 3123, 1086, 994, 2424, 1008, 559, 719, 547, 1021, 269], user_hist_len=189
successful the user history is 40
successful the user history is 133
successful the user history is 49
successful the user history is 131
User 135: orig_top1=3106, new_top1=3106, items_removed=[3376, 3237], user_hist_len=24
successful the user history is 17
successful the user history is 8
successful the user history is 43
User 139: orig_top1=2424, new_top1=2424, items_removed=[2515, 2285], user_hist_len=22
User 140: orig_top1=442, new_top1=442, items_removed=[2214, 544, 2169, 420, 1676, 998, 1010, 1068, 1339, 1089, 3029, 236, 3237, 996, 3046], user_hist_len=153
successful the user history is 39
successful the user history is 54
successful the user history is 35
successful the user history is 61
successful the user history is 355
successful the user history is 12
User 147: orig_top1=2515, new_top1=2515, items_removed=[2144], user_hist_len=13
successful the user history is 42
User 149: orig_top1=2424, new_top1=2424, items_removed=[489], user_hist_len=15
successful the user history is 103
successful the user history is 279
successful the user history is 356
successful the user history is 105
User 154: orig_top1=335, new_top1=335, items_removed=[543, 2657, 489, 0, 2214], user_hist_len=51
successful the user history is 126
successful the user history is 175
User 157: orig_top1=1068, new_top1=1068, items_removed=[1010, 2372, 236, 996, 998, 1659, 1105], user_hist_len=79
successful the user history is 125
successful the user history is 66
successful the user history is 48
successful the user history is 17
successful the user history is 262
successful the user history is 200
User 164: orig_top1=1203, new_top1=1203, items_removed=[2095, 2551, 2280, 103], user_hist_len=49
successful the user history is 107
successful the user history is 18
successful the user history is 28
User 168: orig_top1=398, new_top1=398, items_removed=[1310, 1010, 442, 996, 1740, 1660, 666], user_hist_len=70
User 169: orig_top1=1089, new_top1=1089, items_removed=[998, 236, 1010, 442], user_hist_len=42
successful the user history is 34
User 171: orig_top1=2709, new_top1=2709, items_removed=[2515, 2107, 2551, 2424, 1968, 203], user_hist_len=63
successful the user history is 43
successful the user history is 99
successful the user history is 51
successful the user history is 19
successful the user history is 69
successful the user history is 128
successful the user history is 164
successful the user history is 217
successful the user history is 175
successful the user history is 67
successful the user history is 240
successful the user history is 64
successful the user history is 32
successful the user history is 16
successful the user history is 77
User 187: orig_top1=559, new_top1=559, items_removed=[2424, 269, 290, 547, 2778], user_hist_len=52
successful the user history is 103
successful the user history is 92
successful the user history is 40
successful the user history is 261
successful the user history is 112
successful the user history is 192
successful the user history is 74
User 195: orig_top1=2710, new_top1=2710, items_removed=[2169, 31, 2551], user_hist_len=38
successful the user history is 71
successful the user history is 111
successful the user history is 19
successful the user history is 9
Processing user 200/1208
successful the user history is 128
User 201: orig_top1=2043, new_top1=2043, items_removed=[2214, 2657, 2478, 2582], user_hist_len=48
successful the user history is 280
successful the user history is 274
User 204: orig_top1=1063, new_top1=1063, items_removed=[543, 997, 1968, 1068, 489, 1938, 236], user_hist_len=72
successful the user history is 426
successful the user history is 114
User 207: orig_top1=1038, new_top1=1038, items_removed=[1010, 1000, 544], user_hist_len=39
successful the user history is 115
successful the user history is 34
successful the user history is 17
successful the user history is 247
successful the user history is 24
successful the user history is 106
User 214: orig_top1=1609, new_top1=1609, items_removed=[489, 920], user_hist_len=26
successful the user history is 49
User 216: orig_top1=927, new_top1=927, items_removed=[236, 996, 489, 998, 1010, 1068, 2952, 759, 766, 547, 1676, 994, 0, 2214, 290, 800, 1003], user_hist_len=178
successful the user history is 19
User 218: orig_top1=1420, new_top1=1420, items_removed=[290, 489, 1676, 547], user_hist_len=43
successful the user history is 239
User 220: orig_top1=2710, new_top1=2710, items_removed=[2541], user_hist_len=15
successful the user history is 69
successful the user history is 34
successful the user history is 22
User 224: orig_top1=2295, new_top1=2295, items_removed=[1968, 1068, 2266], user_hist_len=31
User 225: orig_top1=2515, new_top1=2515, items_removed=[31, 2424], user_hist_len=21
successful the user history is 33
successful the user history is 173
successful the user history is 22
successful the user history is 13
successful the user history is 36
successful the user history is 23
successful the user history is 46
successful the user history is 429
successful the user history is 181
successful the user history is 187
User 236: orig_top1=3085, new_top1=3085, items_removed=[3046], user_hist_len=16
User 237: orig_top1=2424, new_top1=2424, items_removed=[2515], user_hist_len=14
User 238: orig_top1=544, new_top1=544, items_removed=[2169, 442, 1676, 420, 103, 1339, 2214, 635], user_hist_len=86
successful the user history is 23
successful the user history is 75
User 241: orig_top1=3379, new_top1=3379, items_removed=[719], user_hist_len=19
successful the user history is 73
successful the user history is 215
successful the user history is 29
successful the user history is 18
User 246: orig_top1=1463, new_top1=1463, items_removed=[551], user_hist_len=17
User 247: orig_top1=103, new_top1=103, items_removed=[719], user_hist_len=19
successful the user history is 22
User 249: orig_top1=2734, new_top1=2734, items_removed=[2424, 1008, 2859], user_hist_len=35
successful the user history is 39
User 251: orig_top1=1859, new_top1=1859, items_removed=[3012, 1068, 10, 927, 327, 998, 2657, 997, 1559, 2424, 420, 2476, 551, 1654, 236, 2256, 2961, 1010, 1089, 1572, 500, 2895, 1105, 1310, 1659, 1172, 1660, 1314, 2551, 2339, 2710, 1063, 635, 1566, 543, 0, 1346, 442, 2008, 2989], user_hist_len=405
User 252: orig_top1=3046, new_top1=3046, items_removed=[3201], user_hist_len=16
successful the user history is 88
successful the user history is 31
successful the user history is 23
successful the user history is 29
User 257: orig_top1=2992, new_top1=2992, items_removed=[3329, 2191], user_hist_len=26
successful the user history is 54
User 259: orig_top1=2300, new_top1=2300, items_removed=[1373, 927, 236, 1010, 3020, 996, 2169, 1000, 502, 771, 31, 1014, 1083, 442, 2476, 802, 559, 48, 1369, 3237, 2065, 1038, 2191, 1310, 1089, 544, 2242, 766, 1006, 2628, 28, 998, 2366, 2903, 1438, 1173, 2424, 1540, 1276, 2551, 1099, 547], user_hist_len=428
successful the user history is 42
User 261: orig_top1=3085, new_top1=3085, items_removed=[3029], user_hist_len=9
successful the user history is 81
User 263: orig_top1=2696, new_top1=2696, items_removed=[2339], user_hist_len=17
successful the user history is 153
successful the user history is 238
User 266: orig_top1=2191, new_top1=2191, items_removed=[2551, 2424, 2008, 559, 2699, 2273, 2559, 489, 1346, 2903, 547, 1676], user_hist_len=127
successful the user history is 261
successful the user history is 66
successful the user history is 42
successful the user history is 517
User 271: orig_top1=420, new_top1=420, items_removed=[1339, 1676], user_hist_len=23
User 272: orig_top1=2424, new_top1=2424, items_removed=[489], user_hist_len=12
successful the user history is 177
successful the user history is 68
successful the user history is 18
successful the user history is 22
successful the user history is 28
successful the user history is 28
successful the user history is 317
User 280: orig_top1=420, new_top1=420, items_removed=[1339, 103, 442, 1089, 236], user_hist_len=59
successful the user history is 13
successful the user history is 72
User 283: orig_top1=2008, new_top1=2008, items_removed=[1063, 241, 559, 1938, 759, 1420, 269], user_hist_len=72
successful the user history is 14
successful the user history is 12
User 286: orig_top1=927, new_top1=927, items_removed=[1068, 489, 1676, 2424, 2169, 547, 997, 103, 2379, 1617], user_hist_len=101
successful the user history is 11
User 288: orig_top1=59, new_top1=59, items_removed=[2515, 290, 1938, 2424, 1676, 2551, 2339, 1232, 103, 269, 2687, 547, 470, 664], user_hist_len=141
User 289: orig_top1=1068, new_top1=1068, items_removed=[2372, 1310, 2618, 996], user_hist_len=44
successful the user history is 41
successful the user history is 59
successful the user history is 678
User 293: orig_top1=169, new_top1=169, items_removed=[1497, 1566, 2214, 1068, 442, 666, 544, 1700, 2169, 1464, 1533, 1287, 1310, 236, 996], user_hist_len=152
successful the user history is 155
successful the user history is 124
successful the user history is 102
successful the user history is 88
successful the user history is 22
User 299: orig_top1=442, new_top1=442, items_removed=[2214, 544, 2169, 1339], user_hist_len=41
Processing user 300/1208
User 300: orig_top1=745, new_top1=745, items_removed=[757, 1067, 759, 1007, 997, 1029, 1068, 2008], user_hist_len=83
successful the user history is 62
successful the user history is 90
successful the user history is 492
successful the user history is 89
User 305: orig_top1=3029, new_top1=3029, items_removed=[3046], user_hist_len=13
successful the user history is 174
successful the user history is 61
successful the user history is 75
User 309: orig_top1=1099, new_top1=1099, items_removed=[998, 2019, 502, 2169, 236, 547, 770], user_hist_len=75
successful the user history is 37
successful the user history is 60
successful the user history is 373
successful the user history is 77
User 314: orig_top1=32, new_top1=32, items_removed=[0], user_hist_len=15
User 315: orig_top1=2424, new_top1=2424, items_removed=[2551, 719, 994, 547, 290], user_hist_len=50
User 316: orig_top1=1063, new_top1=1063, items_removed=[2008, 0, 1906], user_hist_len=34
successful the user history is 293
successful the user history is 114
successful the user history is 65
successful the user history is 19
User 321: orig_top1=2169, new_top1=2169, items_removed=[236], user_hist_len=8
successful the user history is 21
successful the user history is 257
User 324: orig_top1=997, new_top1=997, items_removed=[2551, 2424, 3199, 2169, 1029, 544], user_hist_len=66
User 325: orig_top1=2191, new_top1=2191, items_removed=[2424, 195, 2551, 1216, 2628, 559, 269, 547, 489, 2262, 2173, 2471, 1970], user_hist_len=132
successful the user history is 87
User 327: orig_top1=420, new_top1=420, items_removed=[1339], user_hist_len=17
successful the user history is 34
User 329: orig_top1=2043, new_top1=2043, items_removed=[0, 551, 1467], user_hist_len=30
User 330: orig_top1=1572, new_top1=1572, items_removed=[2713, 0, 420, 2424, 2657, 1676, 1063, 547, 2008, 489, 1068, 896, 103, 1339, 48, 290, 2379, 442, 1938, 436, 327, 2214], user_hist_len=229
successful the user history is 98
User 332: orig_top1=2857, new_top1=2857, items_removed=[1965, 1102, 2618, 2475, 1074, 1068, 2906, 1033, 2478, 1617, 1819, 909, 2019, 1173, 1092], user_hist_len=152
User 333: orig_top1=3236, new_top1=3236, items_removed=[3210], user_hist_len=18
successful the user history is 204
User 335: orig_top1=2650, new_top1=2650, items_removed=[1676, 1044, 700, 420, 547, 1427, 290, 1392, 489, 2424, 1172, 1339], user_hist_len=125
User 336: orig_top1=2169, new_top1=2169, items_removed=[236], user_hist_len=15
User 337: orig_top1=986, new_top1=986, items_removed=[559, 241, 547, 16, 719, 308, 477, 924, 269, 375, 2551, 290, 2903, 1057, 1232, 1668, 1676], user_hist_len=176
User 338: orig_top1=2424, new_top1=2424, items_removed=[2551, 2285], user_hist_len=20
successful the user history is 31
successful the user history is 67
User 341: orig_top1=1105, new_top1=1105, items_removed=[1068, 2008, 2657, 2551, 909, 997, 2424, 2710], user_hist_len=85
successful the user history is 75
successful the user history is 19
successful the user history is 35
successful the user history is 372
successful the user history is 395
successful the user history is 242
successful the user history is 26
successful the user history is 190
successful the user history is 100
successful the user history is 206
User 352: orig_top1=236, new_top1=236, items_removed=[998, 1010, 2952, 997], user_hist_len=49
successful the user history is 55
User 354: orig_top1=103, new_top1=103, items_removed=[2987], user_hist_len=12
successful the user history is 16
successful the user history is 20
successful the user history is 27
successful the user history is 336
User 359: orig_top1=203, new_top1=203, items_removed=[2007], user_hist_len=17
successful the user history is 449
successful the user history is 78
successful the user history is 127
successful the user history is 73
User 364: orig_top1=1063, new_top1=1063, items_removed=[0, 2008, 2657, 1938, 1968], user_hist_len=57
User 365: orig_top1=489, new_top1=489, items_removed=[547], user_hist_len=16
successful the user history is 11
successful the user history is 21
successful the user history is 25
successful the user history is 163
successful the user history is 80
successful the user history is 89
User 372: orig_top1=2523, new_top1=2523, items_removed=[1010, 996, 1751, 1089, 1073, 927], user_hist_len=67
successful the user history is 63
successful the user history is 99
User 375: orig_top1=1078, new_top1=1078, items_removed=[2903, 16, 880, 489, 2778, 409, 210, 2424, 477, 290, 547, 2053, 279, 1676, 981], user_hist_len=155
successful the user history is 95
successful the user history is 54
User 378: orig_top1=269, new_top1=269, items_removed=[559], user_hist_len=18
successful the user history is 94
successful the user history is 194
successful the user history is 278
successful the user history is 387
User 383: orig_top1=104, new_top1=104, items_removed=[2858, 1045, 269, 559, 290, 547, 994, 1029, 1086, 1050, 1042, 759], user_hist_len=128
successful the user history is 58
successful the user history is 33
successful the user history is 48
User 387: orig_top1=1142, new_top1=1142, items_removed=[547, 559, 489, 290, 269, 1676, 1013, 1938, 34, 2008, 2648, 1063, 924, 927, 1610], user_hist_len=158
successful the user history is 106
User 389: orig_top1=290, new_top1=290, items_removed=[547, 1013], user_hist_len=29
User 390: orig_top1=545, new_top1=545, items_removed=[1089, 1068], user_hist_len=23
successful the user history is 28
successful the user history is 22
successful the user history is 50
User 394: orig_top1=1063, new_top1=1063, items_removed=[1105, 1676], user_hist_len=25
User 395: orig_top1=1558, new_top1=1558, items_removed=[1968, 0, 236, 2214], user_hist_len=41
successful the user history is 71
User 397: orig_top1=559, new_top1=559, items_removed=[0, 1105, 420, 1068, 2372, 996, 1063, 2379, 1648, 909, 2903, 997, 2657, 1010, 544, 327, 1617, 1089, 1610], user_hist_len=192
User 398: orig_top1=684, new_top1=684, items_removed=[1888, 2773, 290, 0, 417, 1420, 547, 420, 2643, 2650, 1427, 442, 1572, 1339, 1676, 2657, 1172, 103, 998, 2713, 134, 489, 436, 1938, 2687, 48, 543, 3201], user_hist_len=285
successful the user history is 141
Processing user 400/1208
successful the user history is 100
User 401: orig_top1=3056, new_top1=3056, items_removed=[2379, 3026, 1648], user_hist_len=39
successful the user history is 144
successful the user history is 11
successful the user history is 120
User 405: orig_top1=2295, new_top1=2295, items_removed=[998, 997], user_hist_len=22
successful the user history is 30
successful the user history is 260
User 408: orig_top1=3340, new_top1=3340, items_removed=[3329, 3325, 3376], user_hist_len=36
successful the user history is 101
successful the user history is 117
successful the user history is 42
successful the user history is 99
successful the user history is 42
successful the user history is 145
successful the user history is 30
successful the user history is 205
User 417: orig_top1=2008, new_top1=2008, items_removed=[2657], user_hist_len=13
User 418: orig_top1=785, new_top1=785, items_removed=[2608, 792, 3023, 746], user_hist_len=41
User 419: orig_top1=1029, new_top1=1029, items_removed=[771, 1045, 2858, 2424, 1601, 1965, 2586, 1074, 927, 2859, 545, 1102, 2648, 1610, 2729, 954, 1044, 2952, 1602, 2379, 759, 236, 3183, 996, 1007, 1068], user_hist_len=264
successful the user history is 296
successful the user history is 287
User 422: orig_top1=1596, new_top1=1596, items_removed=[489, 759, 1676, 547, 867, 559], user_hist_len=62
successful the user history is 175
successful the user history is 16
successful the user history is 35
successful the user history is 85
User 427: orig_top1=3029, new_top1=3029, items_removed=[3201], user_hist_len=11
User 428: orig_top1=2191, new_top1=2191, items_removed=[290, 2551, 489, 2559, 2424, 1938, 2515], user_hist_len=73
User 429: orig_top1=3046, new_top1=3046, items_removed=[2541], user_hist_len=14
User 430: orig_top1=2145, new_top1=2145, items_removed=[2551, 2424, 2515, 48, 2191, 2007, 290, 1013, 269, 489, 203, 2169, 1572, 2008, 559, 2699, 997, 1346, 404, 2267, 998, 1269, 919, 896, 2280, 1057, 31, 2454, 1499, 1010, 664, 679, 719, 0, 2601, 3046, 236, 2339, 996, 994, 603, 1142, 909, 1968, 1021], user_hist_len=451
User 431: orig_top1=2424, new_top1=2424, items_removed=[2144], user_hist_len=16
successful the user history is 123
successful the user history is 95
User 434: orig_top1=2424, new_top1=2424, items_removed=[489, 1420, 1676, 1938, 48, 2687], user_hist_len=62
successful the user history is 14
successful the user history is 72
User 437: orig_top1=2275, new_top1=2275, items_removed=[2266], user_hist_len=14
successful the user history is 82
successful the user history is 13
User 440: orig_top1=2008, new_top1=2008, items_removed=[2551, 1063, 2424, 2191, 0, 1968, 489, 547, 1938, 459, 3199, 2007], user_hist_len=122
successful the user history is 230
successful the user history is 133
successful the user history is 79
User 444: orig_top1=547, new_top1=547, items_removed=[1068, 996, 3201, 2379, 1676, 2035, 489, 1617], user_hist_len=80
successful the user history is 195
successful the user history is 15
User 447: orig_top1=2424, new_top1=2424, items_removed=[269, 559, 290], user_hist_len=38
successful the user history is 16
successful the user history is 79
successful the user history is 152
User 451: orig_top1=1659, new_top1=1659, items_removed=[766, 335, 1068, 927, 1727, 1807, 2541, 0, 543, 2372], user_hist_len=104
successful the user history is 17
User 453: orig_top1=1008, new_top1=1008, items_removed=[2858, 1602, 1610, 719, 489, 2706, 1021, 547, 1965, 2906, 1074, 646, 1048, 1025, 104, 1033, 927, 134, 3026, 996, 1102, 909, 759, 1105, 1676, 290, 2379, 1092, 1050, 236, 1044, 1603, 2477, 920, 1068, 2504, 1394, 2424, 2437, 1645, 1022, 1014, 559], user_hist_len=431
User 454: orig_top1=896, new_top1=896, items_removed=[1572, 2424, 203, 2551], user_hist_len=44
successful the user history is 45
successful the user history is 17
successful the user history is 15
User 458: orig_top1=1610, new_top1=1610, items_removed=[547, 489, 1676, 927, 290, 1030, 998], user_hist_len=79
successful the user history is 31
User 460: orig_top1=99, new_top1=99, items_removed=[1105, 327, 321, 1965, 1617, 1394, 500], user_hist_len=71
User 461: orig_top1=420, new_top1=420, items_removed=[1676, 544], user_hist_len=29
User 462: orig_top1=1608, new_top1=1608, items_removed=[1068, 1105, 2018, 1965, 2008, 2618, 2019, 2295, 927, 2857, 2079, 998, 236, 930, 1310, 2933, 1102, 1010, 996, 1063, 816], user_hist_len=214
successful the user history is 137
User 464: orig_top1=1481, new_top1=1481, items_removed=[559, 48, 1013, 1346, 981, 269, 1436, 1232, 1366, 266, 290], user_hist_len=119
successful the user history is 19
successful the user history is 21
successful the user history is 117
successful the user history is 27
successful the user history is 18
successful the user history is 104
User 471: orig_top1=1050, new_top1=1050, items_removed=[1029], user_hist_len=19
User 472: orig_top1=1269, new_top1=1269, items_removed=[1310, 1068, 1572, 1063, 2366, 2771, 489], user_hist_len=76
User 473: orig_top1=1346, new_top1=1346, items_removed=[2618, 719], user_hist_len=21
successful the user history is 24
User 475: orig_top1=420, new_top1=420, items_removed=[1339, 2476, 320, 1337], user_hist_len=47
User 476: orig_top1=1572, new_top1=1572, items_removed=[0, 547, 2424, 1676, 489], user_hist_len=55
successful the user history is 28
successful the user history is 61
successful the user history is 285
User 480: orig_top1=759, new_top1=759, items_removed=[489, 719, 2424, 1045], user_hist_len=40
User 481: orig_top1=1463, new_top1=1463, items_removed=[551, 1063, 1572], user_hist_len=35
successful the user history is 33
successful the user history is 76
successful the user history is 122
User 485: orig_top1=1068, new_top1=1068, items_removed=[236, 996, 1010], user_hist_len=32
successful the user history is 92
User 487: orig_top1=104, new_top1=104, items_removed=[1100, 1610, 2318, 1068, 1617, 944, 489, 996, 998, 2032, 2379, 2478, 1761, 290, 134, 2424, 1105, 909, 1010, 1611, 236, 1394], user_hist_len=229
successful the user history is 68
User 489: orig_top1=996, new_top1=996, items_removed=[998, 544, 442, 1089, 2169], user_hist_len=51
successful the user history is 71
successful the user history is 35
successful the user history is 35
User 493: orig_top1=2424, new_top1=2424, items_removed=[2961], user_hist_len=13
User 494: orig_top1=152, new_top1=152, items_removed=[635, 9, 320, 1310, 442, 351, 2214, 997, 1010, 420, 236, 1676, 544, 1339, 3046, 2169, 348], user_hist_len=179
User 495: orig_top1=1000, new_top1=1000, items_removed=[420, 1339, 1014, 1038, 1010, 875, 5, 2551, 547, 719, 502], user_hist_len=116
successful the user history is 11
User 497: orig_top1=1314, new_top1=1314, items_removed=[236, 1010, 996, 1068, 2214, 2657, 2169], user_hist_len=74
successful the user history is 68
User 499: orig_top1=1038, new_top1=1038, items_removed=[2425, 981, 269, 1346, 1029, 1013, 547, 1050, 2560, 509, 760, 489, 213, 2858, 646, 2571, 2007, 3227, 1065, 1602, 751, 1019, 994], user_hist_len=236
Processing user 500/1208
User 500: orig_top1=279, new_top1=279, items_removed=[1973, 269, 2551, 642, 1667, 719, 959, 1346], user_hist_len=88
successful the user history is 119
User 502: orig_top1=1029, new_top1=1029, items_removed=[1050, 994, 1092, 559], user_hist_len=46
successful the user history is 72
successful the user history is 166
User 505: orig_top1=1057, new_top1=1057, items_removed=[1086, 2909, 1173, 2379, 1867], user_hist_len=54
User 506: orig_top1=2895, new_top1=2895, items_removed=[3201], user_hist_len=18
successful the user history is 80
successful the user history is 131
User 509: orig_top1=32, new_top1=32, items_removed=[2657, 1968], user_hist_len=26
successful the user history is 486
User 511: orig_top1=1806, new_top1=1806, items_removed=[874], user_hist_len=12
successful the user history is 40
successful the user history is 14
successful the user history is 63
successful the user history is 54
successful the user history is 335
User 517: orig_top1=442, new_top1=442, items_removed=[544], user_hist_len=15
successful the user history is 60
User 519: orig_top1=2696, new_top1=2696, items_removed=[1968], user_hist_len=13
successful the user history is 75
successful the user history is 57
successful the user history is 164
successful the user history is 28
successful the user history is 94
successful the user history is 22
User 526: orig_top1=1968, new_top1=1968, items_removed=[2657], user_hist_len=15
successful the user history is 21
successful the user history is 145
successful the user history is 77
successful the user history is 94
successful the user history is 28
User 532: orig_top1=2424, new_top1=2424, items_removed=[2551, 269, 290, 2191, 2008, 1420, 34, 1938], user_hist_len=85
successful the user history is 8
successful the user history is 192
User 535: orig_top1=2307, new_top1=2307, items_removed=[1594, 719, 994, 759, 559], user_hist_len=51
User 536: orig_top1=2571, new_top1=2571, items_removed=[2425, 1013, 2424, 3135, 1097, 1028, 559, 269, 1346, 987, 1668, 489, 994, 290, 1173, 974, 146], user_hist_len=177
User 537: orig_top1=2477, new_top1=2477, items_removed=[2544, 1648, 320, 2543, 2437, 2729, 1839, 546, 2014, 1010, 584, 3004, 1394, 1603, 2509, 436, 1085, 1175, 3026, 5, 2650, 949, 3095, 9, 920, 2706, 1895, 2545, 3153, 1022, 2644, 2858, 1566, 397, 1617, 998, 3210, 1649, 2547, 3134, 635, 442, 1097, 1008, 1760, 2985, 103, 1089, 3099, 3109, 2205, 637, 2013, 2076, 1157, 2933, 2476, 2015, 1294, 2859, 719, 996, 2539, 351, 2085, 489, 930, 2079, 547, 2454, 1013, 1096, 2926, 2507, 1339, 1772, 2971, 266, 2645, 1654, 1610], user_hist_len=816
successful the user history is 23
User 539: orig_top1=442, new_top1=442, items_removed=[2169, 420], user_hist_len=23
successful the user history is 327
successful the user history is 135
User 542: orig_top1=1352, new_top1=1352, items_removed=[48, 2711, 420, 1346, 547, 2339, 2515, 559, 45, 269], user_hist_len=104
successful the user history is 36
successful the user history is 22
successful the user history is 69
successful the user history is 106
User 547: orig_top1=1068, new_top1=1068, items_removed=[0, 2372, 2657], user_hist_len=31
successful the user history is 28
User 549: orig_top1=2295, new_top1=2295, items_removed=[2551, 2424, 203, 2191, 2267], user_hist_len=52
successful the user history is 17
User 551: orig_top1=705, new_top1=705, items_removed=[2008, 328, 10], user_hist_len=30
successful the user history is 78
successful the user history is 89
successful the user history is 130
successful the user history is 22
successful the user history is 113
successful the user history is 203
User 558: orig_top1=745, new_top1=745, items_removed=[1026, 752, 757, 762, 1068, 1063, 763, 802, 0], user_hist_len=91
User 559: orig_top1=996, new_top1=996, items_removed=[1038], user_hist_len=19
User 560: orig_top1=2424, new_top1=2424, items_removed=[2008], user_hist_len=16
successful the user history is 22
successful the user history is 111
successful the user history is 443
successful the user history is 103
successful the user history is 216
successful the user history is 90
successful the user history is 63
User 568: orig_top1=2626, new_top1=2626, items_removed=[2339, 3046], user_hist_len=23
successful the user history is 68
successful the user history is 74
User 571: orig_top1=3046, new_top1=3046, items_removed=[2424], user_hist_len=8
successful the user history is 95
successful the user history is 28
User 574: orig_top1=2515, new_top1=2515, items_removed=[2424, 2144], user_hist_len=24
successful the user history is 39
successful the user history is 19
User 577: orig_top1=2424, new_top1=2424, items_removed=[2699, 2961], user_hist_len=24
successful the user history is 12
User 579: orig_top1=2626, new_top1=2626, items_removed=[2289], user_hist_len=11
successful the user history is 169
successful the user history is 179
successful the user history is 68
User 583: orig_top1=2751, new_top1=2751, items_removed=[3046], user_hist_len=9
User 584: orig_top1=1010, new_top1=1010, items_removed=[547, 559, 420], user_hist_len=36
successful the user history is 38
successful the user history is 26
successful the user history is 13
successful the user history is 33
successful the user history is 56
User 590: orig_top1=759, new_top1=759, items_removed=[1594], user_hist_len=19
User 591: orig_top1=99, new_top1=99, items_removed=[242, 2775, 10, 1303, 2440, 1337, 542, 551, 327, 749, 1172, 547, 351, 328, 500], user_hist_len=154
User 592: orig_top1=910, new_top1=910, items_removed=[1013, 2424, 2379, 104, 1050, 719, 1173, 2909, 646, 954, 290, 48, 994, 1710, 1025, 770, 1065, 996], user_hist_len=188
User 593: orig_top1=1014, new_top1=1014, items_removed=[236, 1010, 996, 719, 1068], user_hist_len=57
successful the user history is 149
User 595: orig_top1=2295, new_top1=2295, items_removed=[1968, 2266], user_hist_len=22
User 596: orig_top1=3195, new_top1=3195, items_removed=[3237, 2810, 3085], user_hist_len=38
successful the user history is 109
successful the user history is 160
successful the user history is 137
Processing user 600/1208
successful the user history is 26
successful the user history is 21
successful the user history is 14
User 603: orig_top1=1968, new_top1=1968, items_removed=[2266], user_hist_len=19
successful the user history is 121
successful the user history is 20
successful the user history is 76
successful the user history is 101
successful the user history is 5
successful the user history is 189
successful the user history is 20
successful the user history is 43
successful the user history is 33
successful the user history is 76
successful the user history is 129
successful the user history is 19
successful the user history is 438
User 617: orig_top1=3094, new_top1=3094, items_removed=[760, 2339, 489], user_hist_len=37
successful the user history is 63
successful the user history is 125
User 620: orig_top1=2657, new_top1=2657, items_removed=[3201, 2687], user_hist_len=27
successful the user history is 71
successful the user history is 47
successful the user history is 20
successful the user history is 290
User 625: orig_top1=755, new_top1=755, items_removed=[1067], user_hist_len=16
successful the user history is 277
successful the user history is 391
successful the user history is 48
successful the user history is 228
successful the user history is 84
successful the user history is 45
successful the user history is 113
successful the user history is 35
User 634: orig_top1=2963, new_top1=2963, items_removed=[3029, 2987, 3345], user_hist_len=32
successful the user history is 302
successful the user history is 65
successful the user history is 9
successful the user history is 329
successful the user history is 24
successful the user history is 240
User 641: orig_top1=1045, new_top1=1045, items_removed=[759, 1086, 3019, 559, 767], user_hist_len=50
User 642: orig_top1=2437, new_top1=2437, items_removed=[998], user_hist_len=19
successful the user history is 423
successful the user history is 81
User 645: orig_top1=2339, new_top1=2339, items_removed=[420, 2476, 103, 1310, 2424], user_hist_len=59
User 646: orig_top1=2295, new_top1=2295, items_removed=[1068], user_hist_len=11
successful the user history is 86
successful the user history is 84
successful the user history is 200
successful the user history is 535
successful the user history is 56
successful the user history is 119
User 653: orig_top1=1657, new_top1=1657, items_removed=[2476, 2019, 502], user_hist_len=35
successful the user history is 43
User 655: orig_top1=1007, new_top1=1007, items_removed=[1045], user_hist_len=16
successful the user history is 14
User 657: orig_top1=1038, new_top1=1038, items_removed=[2005, 236, 1156, 927, 1010, 1559], user_hist_len=60
successful the user history is 69
successful the user history is 244
successful the user history is 188
User 661: orig_top1=1010, new_top1=1010, items_removed=[998, 236, 442], user_hist_len=39
successful the user history is 105
successful the user history is 89
successful the user history is 133
User 665: orig_top1=1703, new_top1=1703, items_removed=[905, 57, 1733, 2967, 1762, 1663, 1746, 927, 766, 1783, 2079, 858, 545, 2971, 1807, 1149, 1, 1726, 867, 2214, 856, 338, 2437, 954, 997, 1782, 1742, 998, 289, 1968, 1724, 335, 1761, 236, 2657, 1786, 2295, 1731, 2080, 0, 1068, 869, 996, 2504, 1152], user_hist_len=456
User 666: orig_top1=1060, new_top1=1060, items_removed=[719, 1008, 489, 1021, 759, 559, 1013, 1676, 2858, 1045, 1602, 104, 1032, 1092], user_hist_len=146
successful the user history is 343
successful the user history is 77
successful the user history is 24
successful the user history is 138
User 671: orig_top1=3201, new_top1=3201, items_removed=[2987], user_hist_len=17
User 672: orig_top1=759, new_top1=759, items_removed=[1029, 719, 1042, 757, 749, 2008, 745, 1596, 1668], user_hist_len=96
User 673: orig_top1=544, new_top1=544, items_removed=[2169, 442, 1310, 2476, 998, 236, 420, 1676, 103], user_hist_len=94
User 674: orig_top1=2169, new_top1=2169, items_removed=[544, 1010], user_hist_len=21
User 675: orig_top1=646, new_top1=646, items_removed=[236, 719, 996, 2424, 489], user_hist_len=53
successful the user history is 92
User 677: orig_top1=639, new_top1=639, items_removed=[1010, 1072, 3237, 2515, 103, 3046, 3195, 996, 502, 236], user_hist_len=101
successful the user history is 84
successful the user history is 41
User 680: orig_top1=544, new_top1=544, items_removed=[2169, 1010], user_hist_len=29
successful the user history is 45
successful the user history is 30
successful the user history is 80
successful the user history is 109
successful the user history is 12
successful the user history is 33
User 687: orig_top1=1050, new_top1=1050, items_removed=[1065, 1346, 760, 751, 502, 2424, 771, 3135, 2920, 759, 1082], user_hist_len=110
successful the user history is 17
successful the user history is 17
successful the user history is 13
successful the user history is 47
successful the user history is 24
successful the user history is 21
User 694: orig_top1=2266, new_top1=2266, items_removed=[2285], user_hist_len=14
User 695: orig_top1=2424, new_top1=2424, items_removed=[2285, 1950, 1063], user_hist_len=39
successful the user history is 83
User 697: orig_top1=1028, new_top1=1028, items_removed=[719, 757, 1048, 547, 932, 489, 752, 759, 2424], user_hist_len=94
successful the user history is 58
successful the user history is 16
Processing user 700/1208
successful the user history is 76
User 701: orig_top1=442, new_top1=442, items_removed=[2339], user_hist_len=12
successful the user history is 84
successful the user history is 112
successful the user history is 196
User 705: orig_top1=719, new_top1=719, items_removed=[1602, 1648, 1010, 1839, 420], user_hist_len=56
successful the user history is 86
User 707: orig_top1=1246, new_top1=1246, items_removed=[315, 1310, 0, 2657, 327, 2773, 1269, 1063, 1676, 2771, 2366, 544, 1659, 998, 3026, 2295, 1918, 996, 1020], user_hist_len=190
successful the user history is 76
User 709: orig_top1=3227, new_top1=3227, items_removed=[3329], user_hist_len=16
User 710: orig_top1=3026, new_top1=3026, items_removed=[1617, 1105, 909, 1648, 2906, 0, 997, 954, 996, 2372, 1057, 2657, 2295], user_hist_len=139
successful the user history is 23
successful the user history is 108
User 713: orig_top1=0, new_top1=0, items_removed=[2657], user_hist_len=12
successful the user history is 36
User 715: orig_top1=766, new_top1=766, items_removed=[1819, 1807, 213, 1928, 559, 871, 2379, 818, 2551, 927, 1398, 1786, 770, 994, 3019, 1269, 1651], user_hist_len=171
successful the user history is 274
User 717: orig_top1=1648, new_top1=1648, items_removed=[996, 1010, 998], user_hist_len=37
successful the user history is 135
successful the user history is 128
successful the user history is 89
User 721: orig_top1=996, new_top1=996, items_removed=[759, 1004, 760], user_hist_len=39
successful the user history is 149
User 723: orig_top1=1019, new_top1=1019, items_removed=[751, 104, 1065], user_hist_len=30
User 724: orig_top1=1965, new_top1=1965, items_removed=[2366, 1648, 1068, 338, 1269, 1063, 544, 997], user_hist_len=86
successful the user history is 87
successful the user history is 41
User 727: orig_top1=2643, new_top1=2643, items_removed=[489, 2903, 2424, 1420, 547, 559], user_hist_len=64
successful the user history is 94
successful the user history is 264
User 730: orig_top1=417, new_top1=417, items_removed=[1339, 420, 998, 2339, 547, 436, 442, 2650, 930, 927, 1676, 1337, 1427, 635, 1172, 351, 1010, 2687, 2169, 2774, 637], user_hist_len=216
User 731: orig_top1=442, new_top1=442, items_removed=[420, 1339, 1010, 544, 635, 1310, 1068, 996], user_hist_len=85
successful the user history is 191
successful the user history is 20
successful the user history is 42
successful the user history is 15
successful the user history is 26
successful the user history is 25
successful the user history is 72
successful the user history is 20
User 740: orig_top1=2169, new_top1=2169, items_removed=[1676, 420], user_hist_len=25
successful the user history is 65
User 742: orig_top1=755, new_top1=755, items_removed=[1067, 2424], user_hist_len=23
successful the user history is 53
User 744: orig_top1=2551, new_top1=2551, items_removed=[2191], user_hist_len=10
User 745: orig_top1=1026, new_top1=1026, items_removed=[1676, 1067, 1033, 719, 2008, 781, 236], user_hist_len=77
successful the user history is 36
successful the user history is 189
successful the user history is 25
successful the user history is 110
User 750: orig_top1=1420, new_top1=1420, items_removed=[290, 547, 269], user_hist_len=36
successful the user history is 137
successful the user history is 147
User 753: orig_top1=1086, new_top1=1086, items_removed=[2191, 0, 2379, 910, 1867, 954, 2424, 719, 1029, 745, 1710, 998], user_hist_len=121
successful the user history is 62
successful the user history is 72
User 756: orig_top1=998, new_top1=998, items_removed=[816], user_hist_len=18
successful the user history is 66
successful the user history is 28
User 759: orig_top1=2339, new_top1=2339, items_removed=[2515], user_hist_len=12
successful the user history is 48
User 761: orig_top1=952, new_top1=952, items_removed=[951, 1610, 974, 927, 1097], user_hist_len=55
successful the user history is 17
successful the user history is 8
successful the user history is 291
User 765: orig_top1=2307, new_top1=2307, items_removed=[1594, 1045, 1028, 1007, 719, 994, 1928, 2424, 646, 489, 1008, 755, 1021, 1013, 559, 1036, 1048, 759, 2551, 1004, 2191], user_hist_len=211
User 766: orig_top1=1008, new_top1=1008, items_removed=[2858, 771, 719, 1602, 1097, 994, 1061, 1070, 2859, 1021, 104, 2424, 547, 1045, 1092, 1048, 2732, 1074, 1025, 290, 2906, 1965, 236], user_hist_len=237
successful the user history is 26
successful the user history is 31
successful the user history is 78
User 770: orig_top1=2787, new_top1=2787, items_removed=[998, 1654, 2008, 2256], user_hist_len=49
successful the user history is 83
User 772: orig_top1=236, new_top1=236, items_removed=[771], user_hist_len=14
User 773: orig_top1=2424, new_top1=2424, items_removed=[559, 269, 290], user_hist_len=36
User 774: orig_top1=756, new_top1=756, items_removed=[1090, 1067, 909, 757, 1029, 916, 2857, 2424, 2478, 908, 1068, 802, 1054, 2586, 2379, 954, 1173, 989, 1042, 1086, 974], user_hist_len=210
User 775: orig_top1=2101, new_top1=2101, items_removed=[442, 2657, 1402, 1063, 542, 2169, 1310, 0, 1566, 1427, 1068, 543, 37, 544, 348], user_hist_len=152
successful the user history is 27
User 777: orig_top1=3029, new_top1=3029, items_removed=[3046], user_hist_len=12
User 778: orig_top1=724, new_top1=724, items_removed=[3091, 1495, 305, 1906, 959, 2008, 1034, 887, 1063, 2007, 1173], user_hist_len=110
successful the user history is 150
successful the user history is 45
successful the user history is 89
successful the user history is 136
User 783: orig_top1=1867, new_top1=1867, items_removed=[1965, 547, 1668, 1086, 2641, 2424, 1097, 559, 2903, 489, 1394, 1028, 974, 1928], user_hist_len=147
User 784: orig_top1=544, new_top1=544, items_removed=[996, 927, 2169, 998], user_hist_len=48
successful the user history is 19
successful the user history is 257
User 787: orig_top1=485, new_top1=485, items_removed=[223, 981, 559, 2424, 880, 1171, 2521, 1947, 2173, 1393, 2471, 496, 308], user_hist_len=136
successful the user history is 296
User 789: orig_top1=1068, new_top1=1068, items_removed=[236, 1105, 2372, 998, 907, 2952, 1010, 996, 719, 909], user_hist_len=100
successful the user history is 31
successful the user history is 24
successful the user history is 32
User 793: orig_top1=2424, new_top1=2424, items_removed=[2551, 489, 719, 269, 547, 2191, 994, 1676, 1013, 34, 1021, 104], user_hist_len=122
successful the user history is 23
User 795: orig_top1=1068, new_top1=1068, items_removed=[2008], user_hist_len=18
successful the user history is 235
successful the user history is 30
User 798: orig_top1=1786, new_top1=1786, items_removed=[1807, 1616], user_hist_len=26
successful the user history is 53
Processing user 800/1208
successful the user history is 207
successful the user history is 40
successful the user history is 9
successful the user history is 92
successful the user history is 56
User 805: orig_top1=0, new_top1=0, items_removed=[2657, 420, 1968, 290, 103, 2551, 998, 1339, 547, 2515, 1089, 1938, 2476, 635, 31, 2280], user_hist_len=160
User 806: orig_top1=2340, new_top1=2340, items_removed=[3085, 3046, 420, 998, 2339, 547, 2446, 290], user_hist_len=86
successful the user history is 20
User 808: orig_top1=3135, new_top1=3135, items_removed=[2551, 1086, 2379, 1346, 909, 981, 719, 2191, 0, 2424, 559, 2909, 1029, 269, 2657, 1173, 998, 996, 954, 1063, 1710, 1068, 1906], user_hist_len=239
successful the user history is 21
User 810: orig_top1=3377, new_top1=3377, items_removed=[1807, 1616, 2515, 1786, 2551, 2424, 997, 2273, 489, 3237, 766, 1276, 48, 1269, 543, 1727, 1057, 1617], user_hist_len=186
successful the user history is 59
User 812: orig_top1=2787, new_top1=2787, items_removed=[351, 348], user_hist_len=27
successful the user history is 90
successful the user history is 242
successful the user history is 24
successful the user history is 22
successful the user history is 20
successful the user history is 94
successful the user history is 50
User 820: orig_top1=2169, new_top1=2169, items_removed=[236, 1038], user_hist_len=20
successful the user history is 8
successful the user history is 83
User 823: orig_top1=1346, new_top1=1346, items_removed=[1065, 1050, 559, 760], user_hist_len=47
successful the user history is 116
User 825: orig_top1=1081, new_top1=1081, items_removed=[3019, 765, 2008, 1733, 781, 998, 2608, 1105, 767, 1610, 792, 745, 2424, 798, 500, 1676, 1033, 752, 759], user_hist_len=198
successful the user history is 74
successful the user history is 83
successful the user history is 155
successful the user history is 337
User 830: orig_top1=2264, new_top1=2264, items_removed=[927, 999, 771, 1614, 2539, 1010, 858, 1051, 1015, 2616, 1751, 2169, 1068, 544, 2551, 2523, 1692, 2247, 996, 1157, 236, 31, 1659, 1000, 502], user_hist_len=258
successful the user history is 48
successful the user history is 21
User 833: orig_top1=544, new_top1=544, items_removed=[442], user_hist_len=17
User 834: orig_top1=1807, new_top1=1807, items_removed=[1751, 1616, 998, 1010, 996, 927, 2214, 1089, 1761, 2437], user_hist_len=101
successful the user history is 22
successful the user history is 39
successful the user history is 107
User 838: orig_top1=1965, new_top1=1965, items_removed=[719, 2981, 1007, 994, 749, 489], user_hist_len=67
User 839: orig_top1=1060, new_top1=1060, items_removed=[236, 2862, 1068, 2504, 1676, 816, 759, 489, 1004, 442, 997, 327, 1089, 1102, 1008], user_hist_len=155
successful the user history is 87
User 841: orig_top1=2448, new_top1=2448, items_removed=[223, 496, 941, 1393, 1433, 1436, 2515, 2473, 1346, 269, 679, 559, 835, 973, 1501, 146, 1906, 34, 925, 266, 2191, 48, 924, 2903, 547, 1069, 491, 436, 2424, 43, 2454, 1257, 308, 20, 993, 2177, 3135, 664, 2007], user_hist_len=393
User 842: orig_top1=2424, new_top1=2424, items_removed=[2551], user_hist_len=19
successful the user history is 82
successful the user history is 11
successful the user history is 162
successful the user history is 20
User 847: orig_top1=896, new_top1=896, items_removed=[1572, 1068, 1063, 1676, 547, 327, 203], user_hist_len=73
successful the user history is 65
successful the user history is 111
User 850: orig_top1=759, new_top1=759, items_removed=[767], user_hist_len=19
successful the user history is 27
successful the user history is 94
successful the user history is 280
successful the user history is 176
successful the user history is 131
User 856: orig_top1=951, new_top1=951, items_removed=[961, 2778, 16, 1610, 986, 489, 559, 1030, 1668], user_hist_len=96
successful the user history is 199
successful the user history is 35
User 859: orig_top1=1155, new_top1=1155, items_removed=[1157, 1010], user_hist_len=26
successful the user history is 292
successful the user history is 17
successful the user history is 177
User 863: orig_top1=2191, new_top1=2191, items_removed=[2424, 2008], user_hist_len=21
User 864: orig_top1=2479, new_top1=2479, items_removed=[1867, 994, 719, 1965, 1008, 927, 1062, 1025], user_hist_len=84
successful the user history is 169
successful the user history is 53
successful the user history is 25
successful the user history is 13
successful the user history is 42
successful the user history is 99
User 871: orig_top1=2366, new_top1=2366, items_removed=[1068], user_hist_len=15
User 872: orig_top1=756, new_top1=756, items_removed=[2858, 2952, 1007, 907, 2855, 770, 1965, 1086, 719, 771, 2859, 2366, 2857, 759, 32, 1050, 1710, 2478, 547, 1021, 996, 2981, 1048, 909, 1063, 2691, 766, 1008, 954, 2732, 1045, 1173, 1037, 3017], user_hist_len=342
User 873: orig_top1=2551, new_top1=2551, items_removed=[2424, 2008, 2657, 559, 269, 48], user_hist_len=65
successful the user history is 7
User 875: orig_top1=1420, new_top1=1420, items_removed=[2424, 547, 559], user_hist_len=35
successful the user history is 34
successful the user history is 180
User 878: orig_top1=545, new_top1=545, items_removed=[996], user_hist_len=16
successful the user history is 22
User 880: orig_top1=1276, new_top1=1276, items_removed=[31, 2169, 1314], user_hist_len=38
successful the user history is 58
successful the user history is 104
successful the user history is 220
User 884: orig_top1=1801, new_top1=1801, items_removed=[2551, 522], user_hist_len=27
successful the user history is 33
User 886: orig_top1=2454, new_top1=2454, items_removed=[2515, 48, 420, 45, 2169, 2339, 31, 269, 1339, 547, 266, 2711, 896, 919, 1360, 2424, 544, 290, 998, 5, 1676, 1010, 103, 1269], user_hist_len=245
User 887: orig_top1=55, new_top1=55, items_removed=[241, 16, 1938, 34], user_hist_len=49
successful the user history is 42
User 889: orig_top1=420, new_top1=420, items_removed=[1339, 635], user_hist_len=27
User 890: orig_top1=2008, new_top1=2008, items_removed=[2551, 0], user_hist_len=29
successful the user history is 23
successful the user history is 19
successful the user history is 51
successful the user history is 127
successful the user history is 162
successful the user history is 20
successful the user history is 48
User 898: orig_top1=2379, new_top1=2379, items_removed=[2657], user_hist_len=19
successful the user history is 326
Processing user 900/1208
successful the user history is 206
successful the user history is 10
successful the user history is 116
successful the user history is 6
successful the user history is 101
successful the user history is 77
User 906: orig_top1=2424, new_top1=2424, items_removed=[269, 1013], user_hist_len=25
successful the user history is 112
successful the user history is 155
successful the user history is 66
successful the user history is 49
successful the user history is 15
User 912: orig_top1=420, new_top1=420, items_removed=[2169, 2476, 998, 547, 1089, 2657, 489, 1010], user_hist_len=87
successful the user history is 127
successful the user history is 20
successful the user history is 34
User 916: orig_top1=2987, new_top1=2987, items_removed=[3345, 3201, 3046, 3237, 3376, 2424, 3012, 2169, 998], user_hist_len=90
User 917: orig_top1=290, new_top1=290, items_removed=[489], user_hist_len=10
successful the user history is 233
successful the user history is 34
successful the user history is 50
successful the user history is 41
User 922: orig_top1=489, new_top1=489, items_removed=[1676, 2424, 2008, 103], user_hist_len=42
successful the user history is 194
successful the user history is 20
successful the user history is 60
User 926: orig_top1=241, new_top1=241, items_removed=[2424, 489, 559, 2551], user_hist_len=45
successful the user history is 193
successful the user history is 36
successful the user history is 43
User 930: orig_top1=2008, new_top1=2008, items_removed=[1968, 2657, 2339, 489, 2295, 1608, 759], user_hist_len=76
successful the user history is 40
successful the user history is 43
successful the user history is 37
successful the user history is 126
User 935: orig_top1=3029, new_top1=3029, items_removed=[3201], user_hist_len=15
successful the user history is 252
User 937: orig_top1=1097, new_top1=1097, items_removed=[547, 489], user_hist_len=25
successful the user history is 343
successful the user history is 84
User 940: orig_top1=2985, new_top1=2985, items_removed=[3026, 3123, 545, 547, 719, 489, 1021, 1013, 1068, 1839, 1610, 236, 1617, 1008, 1603, 2366, 1086, 2906], user_hist_len=187
successful the user history is 77
successful the user history is 24
successful the user history is 46
User 944: orig_top1=2424, new_top1=2424, items_removed=[269], user_hist_len=18
successful the user history is 58
successful the user history is 125
successful the user history is 200
successful the user history is 124
successful the user history is 105
User 950: orig_top1=489, new_top1=489, items_removed=[1676], user_hist_len=12
successful the user history is 24
User 952: orig_top1=544, new_top1=544, items_removed=[2169], user_hist_len=19
successful the user history is 82
User 954: orig_top1=1068, new_top1=1068, items_removed=[0], user_hist_len=12
successful the user history is 75
successful the user history is 34
successful the user history is 104
User 958: orig_top1=2169, new_top1=2169, items_removed=[544, 1010, 442, 2214, 236, 1310, 996], user_hist_len=79
successful the user history is 38
successful the user history is 107
successful the user history is 106
User 962: orig_top1=1105, new_top1=1105, items_removed=[909], user_hist_len=12
successful the user history is 21
successful the user history is 127
successful the user history is 124
successful the user history is 16
successful the user history is 305
successful the user history is 2
successful the user history is 244
User 970: orig_top1=1203, new_top1=1203, items_removed=[721, 544, 105, 2169], user_hist_len=47
User 971: orig_top1=1968, new_top1=1968, items_removed=[1068, 2266, 2285, 2424, 2339, 2551, 2008, 2295, 2541, 3046], user_hist_len=102
User 972: orig_top1=547, new_top1=547, items_removed=[1676, 998, 327], user_hist_len=33
User 973: orig_top1=2169, new_top1=2169, items_removed=[544, 236], user_hist_len=27
User 974: orig_top1=1052, new_top1=1052, items_removed=[759, 1594, 760, 757, 1007, 755, 816, 1587, 766, 1065, 1029], user_hist_len=118
successful the user history is 106
successful the user history is 27
successful the user history is 49
User 978: orig_top1=489, new_top1=489, items_removed=[1676, 2424, 290], user_hist_len=33
User 979: orig_top1=2101, new_top1=2101, items_removed=[321, 417, 2687, 700, 2770, 545, 1676, 1918, 290, 547, 2857, 1172, 2773, 1617, 1610, 1127, 1427, 1888, 453, 489, 559, 1339, 10, 1839, 2378, 442, 2874, 583, 0, 1068, 2771, 420, 2339, 1142, 327, 134, 45, 1352, 1013, 996, 866, 320, 2370, 1022, 1100, 1057], user_hist_len=465
User 980: orig_top1=1097, new_top1=1097, items_removed=[759, 1013, 547], user_hist_len=36
successful the user history is 54
successful the user history is 111
User 983: orig_top1=2177, new_top1=2177, items_removed=[2285], user_hist_len=16
successful the user history is 22
User 985: orig_top1=1905, new_top1=1905, items_removed=[1099, 1120, 1904, 1051], user_hist_len=43
successful the user history is 93
successful the user history is 17
successful the user history is 24
User 989: orig_top1=2810, new_top1=2810, items_removed=[3201], user_hist_len=11
User 990: orig_top1=1045, new_top1=1045, items_removed=[1029], user_hist_len=10
successful the user history is 156
successful the user history is 174
User 993: orig_top1=442, new_top1=442, items_removed=[1310], user_hist_len=10
successful the user history is 516
successful the user history is 106
successful the user history is 108
successful the user history is 31
successful the user history is 76
User 999: orig_top1=2424, new_top1=2424, items_removed=[103], user_hist_len=18
Processing user 1000/1208
successful the user history is 11
successful the user history is 140
successful the user history is 90
successful the user history is 207
successful the user history is 57
successful the user history is 268
successful the user history is 32
User 1007: orig_top1=2643, new_top1=2643, items_removed=[489, 2648, 2424], user_hist_len=34
successful the user history is 18
User 1009: orig_top1=439, new_top1=439, items_removed=[2903, 545, 2773, 16, 1069], user_hist_len=59
User 1010: orig_top1=2424, new_top1=2424, items_removed=[489, 290, 1676, 269, 0, 1013], user_hist_len=68
successful the user history is 35
successful the user history is 77
successful the user history is 470
User 1014: orig_top1=3329, new_top1=3329, items_removed=[95, 908, 2551, 1436, 2709, 1029, 20, 2007, 1918, 2191, 203, 1042, 2142, 2008, 2710, 1310, 341, 1710, 997, 49, 2531, 213, 2670, 1102], user_hist_len=248
User 1015: orig_top1=2008, new_top1=2008, items_removed=[2424], user_hist_len=8
successful the user history is 9
successful the user history is 33
User 1018: orig_top1=443, new_top1=443, items_removed=[411, 24, 485, 1540, 308, 1420, 290, 981, 1676, 489, 31, 559, 34, 2778, 1359, 522, 223, 2903, 2106, 547, 1402, 2424, 2648, 994, 16, 1360, 1906, 37, 273, 2607, 2643, 81, 927, 470, 924, 996, 43, 1314, 1346, 1572, 1310, 241, 263, 2471, 2191, 499, 2169, 984, 1935, 1871], user_hist_len=505
successful the user history is 94
successful the user history is 38
successful the user history is 12
successful the user history is 38
User 1023: orig_top1=2696, new_top1=2696, items_removed=[1968, 2657, 3199], user_hist_len=35
User 1024: orig_top1=1056, new_top1=1056, items_removed=[1733, 1724, 1783, 1742, 550, 861, 1080, 548, 2541, 766, 868, 871, 1726, 1736, 867, 549, 1968, 1666, 905, 0, 2884, 1727, 996, 335, 2698, 236, 543, 1068, 927, 1786, 998, 2583, 1155, 1092, 1020, 1010, 32, 1076, 910, 2886, 2657, 2437, 1008, 923, 909, 1089, 997, 1761, 1610, 1729], user_hist_len=506
User 1025: orig_top1=584, new_top1=584, items_removed=[1310, 998, 635, 1010, 996, 1654, 9, 1339, 1648, 236], user_hist_len=103
successful the user history is 39
successful the user history is 148
successful the user history is 51
successful the user history is 42
User 1030: orig_top1=1032, new_top1=1032, items_removed=[759, 1086, 104, 998, 1070, 1173], user_hist_len=65
User 1031: orig_top1=442, new_top1=442, items_removed=[2169, 2214, 1676, 103, 2476, 998, 1310, 1010, 3237, 236, 996, 666], user_hist_len=122
User 1032: orig_top1=1079, new_top1=1079, items_removed=[3091], user_hist_len=19
successful the user history is 258
User 1034: orig_top1=489, new_top1=489, items_removed=[2424, 290, 547], user_hist_len=34
successful the user history is 54
successful the user history is 75
successful the user history is 9
successful the user history is 16
successful the user history is 178
successful the user history is 102
User 1041: orig_top1=2886, new_top1=2886, items_removed=[1761, 2214, 1339, 420, 442, 1089, 998, 1068, 544, 236, 2169, 320, 1337, 1010, 584, 997, 930, 2627, 996, 546, 2657, 1310, 1659, 2295, 1063, 327, 1676, 1654, 2476, 1653, 351, 348, 0, 1572, 2079, 875, 2507, 1617, 1352, 2339, 397, 1038, 1650], user_hist_len=433
User 1042: orig_top1=2366, new_top1=2366, items_removed=[2424], user_hist_len=13
User 1043: orig_top1=1566, new_top1=1566, items_removed=[2476, 1068, 1310, 544, 236, 1010, 2169, 9, 2214, 442, 351, 996], user_hist_len=120
successful the user history is 23
User 1045: orig_top1=2194, new_top1=2194, items_removed=[998, 1339, 875, 1676, 1966, 544, 1044, 2478], user_hist_len=87
successful the user history is 448
successful the user history is 14
User 1048: orig_top1=1090, new_top1=1090, items_removed=[1006, 2191, 0, 954, 974, 1867, 2858, 1034, 1029, 2981, 907, 994, 213, 719, 2008, 1092, 328, 2909, 1965, 2551, 2424], user_hist_len=213
successful the user history is 58
successful the user history is 54
successful the user history is 15
User 1052: orig_top1=545, new_top1=545, items_removed=[320, 1068, 998, 442, 1089, 996], user_hist_len=62
successful the user history is 323
successful the user history is 36
User 1055: orig_top1=1352, new_top1=1352, items_removed=[48, 1346, 420], user_hist_len=30
successful the user history is 54
User 1057: orig_top1=1961, new_top1=1961, items_removed=[2909, 987, 974, 2842, 1025], user_hist_len=55
successful the user history is 22
successful the user history is 23
successful the user history is 175
successful the user history is 59
successful the user history is 94
successful the user history is 245
successful the user history is 10
successful the user history is 214
successful the user history is 191
User 1067: orig_top1=290, new_top1=290, items_removed=[1420, 489, 547, 1676], user_hist_len=40
successful the user history is 59
successful the user history is 30
successful the user history is 68
successful the user history is 35
User 1072: orig_top1=2165, new_top1=2165, items_removed=[2424, 1310, 2551, 500, 1463, 10, 1063, 1918, 1269, 2101, 1935, 328], user_hist_len=122
User 1073: orig_top1=3340, new_top1=3340, items_removed=[3325], user_hist_len=8
User 1074: orig_top1=2295, new_top1=2295, items_removed=[2541, 2008], user_hist_len=22
successful the user history is 160
successful the user history is 58
successful the user history is 136
successful the user history is 63
successful the user history is 170
successful the user history is 109
successful the user history is 342
successful the user history is 41
successful the user history is 238
successful the user history is 27
successful the user history is 302
successful the user history is 22
successful the user history is 108
User 1088: orig_top1=2424, new_top1=2424, items_removed=[2551, 489, 559, 547, 269, 719, 34, 1420], user_hist_len=87
successful the user history is 78
successful the user history is 64
User 1091: orig_top1=1020, new_top1=1020, items_removed=[1105, 1648, 2857], user_hist_len=35
User 1092: orig_top1=477, new_top1=477, items_removed=[2778, 16, 2008, 2424, 1947, 1420], user_hist_len=63
successful the user history is 280
successful the user history is 34
successful the user history is 19
successful the user history is 76
User 1097: orig_top1=2366, new_top1=2366, items_removed=[2379, 1648, 1105], user_hist_len=30
successful the user history is 21
User 1099: orig_top1=547, new_top1=547, items_removed=[269, 489, 290], user_hist_len=36
Processing user 1100/1208
successful the user history is 155
User 1101: orig_top1=2424, new_top1=2424, items_removed=[2551, 2008, 547], user_hist_len=30
successful the user history is 173
successful the user history is 135
successful the user history is 161
successful the user history is 122
User 1106: orig_top1=719, new_top1=719, items_removed=[103, 998, 2559, 2273, 2424, 2699, 2339, 2169, 290, 269, 2961, 896, 1010, 1943, 3237, 48, 2191, 997, 1420, 1346, 420, 1938, 1676, 489, 203, 1339], user_hist_len=269
User 1107: orig_top1=3135, new_top1=3135, items_removed=[2551, 2424, 981, 502, 269, 1346, 2191, 559, 719, 1086, 104, 31], user_hist_len=129
User 1108: orig_top1=502, new_top1=502, items_removed=[1173, 1029, 2981, 910], user_hist_len=47
successful the user history is 18
successful the user history is 149
successful the user history is 24
User 1112: orig_top1=907, new_top1=907, items_removed=[752], user_hist_len=17
successful the user history is 282
successful the user history is 59
User 1115: orig_top1=405, new_top1=405, items_removed=[666, 930, 1566, 1068, 544, 1089, 2214, 2169, 1010, 236, 3004, 442, 1653, 2476, 996, 2079, 3237], user_hist_len=175
User 1116: orig_top1=1676, new_top1=1676, items_removed=[0, 2551, 2773, 1269, 2424, 2169], user_hist_len=69
User 1117: orig_top1=2195, new_top1=2195, items_removed=[18, 315, 1659, 1813, 1269, 546, 2266, 1360, 2285, 2296, 2791, 1566, 2709], user_hist_len=135
successful the user history is 28
successful the user history is 54
successful the user history is 46
User 1121: orig_top1=2340, new_top1=2340, items_removed=[1339, 420, 2169, 1337, 2627], user_hist_len=53
User 1122: orig_top1=1099, new_top1=1099, items_removed=[1051, 771, 236, 2952, 1010, 1014], user_hist_len=69
successful the user history is 67
successful the user history is 106
successful the user history is 10
successful the user history is 53
successful the user history is 20
successful the user history is 31
User 1129: orig_top1=2424, new_top1=2424, items_removed=[2551, 2191], user_hist_len=24
successful the user history is 143
successful the user history is 156
User 1132: orig_top1=1086, new_top1=1086, items_removed=[2909, 3019, 2191, 1173, 2657, 757, 2424, 2379, 1710, 719, 547, 559, 766, 998, 2366, 2858, 2429, 746, 213, 1007, 1076], user_hist_len=210
successful the user history is 54
successful the user history is 93
successful the user history is 305
successful the user history is 82
successful the user history is 36
successful the user history is 32
successful the user history is 174
successful the user history is 269
successful the user history is 61
successful the user history is 16
successful the user history is 112
User 1144: orig_top1=1634, new_top1=1634, items_removed=[1014, 1068, 1813, 544], user_hist_len=40
User 1145: orig_top1=2366, new_top1=2366, items_removed=[2379, 0, 1067, 2478], user_hist_len=42
successful the user history is 30
User 1147: orig_top1=2266, new_top1=2266, items_removed=[1968, 2045], user_hist_len=24
successful the user history is 76
User 1149: orig_top1=3030, new_top1=3030, items_removed=[2551, 2424, 2008, 269, 2699, 559, 290, 489, 2273], user_hist_len=92
successful the user history is 54
successful the user history is 21
successful the user history is 112
successful the user history is 264
successful the user history is 11
successful the user history is 40
successful the user history is 45
User 1157: orig_top1=1783, new_top1=1783, items_removed=[861, 1731, 1666, 32, 1968, 1742], user_hist_len=60
successful the user history is 27
successful the user history is 60
successful the user history is 98
successful the user history is 47
User 1162: orig_top1=420, new_top1=420, items_removed=[1339, 635, 2476, 1676, 998, 2169, 442, 547, 1089, 103, 1337, 2774, 1839, 236, 1010, 2214, 1068, 1151, 1761, 1310, 0], user_hist_len=218
successful the user history is 71
successful the user history is 77
User 1165: orig_top1=2379, new_top1=2379, items_removed=[0, 1068, 2366, 2909, 2424], user_hist_len=50
successful the user history is 64
User 1167: orig_top1=2424, new_top1=2424, items_removed=[489, 1676], user_hist_len=29
successful the user history is 19
successful the user history is 242
User 1170: orig_top1=489, new_top1=489, items_removed=[1610, 994], user_hist_len=21
successful the user history is 69
successful the user history is 68
User 1173: orig_top1=3029, new_top1=3029, items_removed=[3201], user_hist_len=18
successful the user history is 37
successful the user history is 67
User 1176: orig_top1=2267, new_top1=2267, items_removed=[2424, 2551, 1950, 2711], user_hist_len=40
successful the user history is 98
User 1178: orig_top1=236, new_top1=236, items_removed=[927], user_hist_len=17
successful the user history is 72
successful the user history is 41
User 1181: orig_top1=954, new_top1=954, items_removed=[0, 2657], user_hist_len=27
successful the user history is 295
successful the user history is 20
successful the user history is 9
User 1185: orig_top1=2424, new_top1=2424, items_removed=[559, 103], user_hist_len=23
User 1186: orig_top1=559, new_top1=559, items_removed=[1029, 2855, 1013, 1090, 2424, 2551, 104], user_hist_len=70
User 1187: orig_top1=2708, new_top1=2708, items_removed=[3201, 2987], user_hist_len=26
successful the user history is 115
successful the user history is 27
User 1190: orig_top1=1232, new_top1=1232, items_removed=[1013, 48, 559], user_hist_len=34
successful the user history is 14
User 1192: orig_top1=420, new_top1=420, items_removed=[2774, 998, 236, 48, 1346], user_hist_len=51
User 1193: orig_top1=2424, new_top1=2424, items_removed=[489, 559, 269, 719, 1013, 290, 994], user_hist_len=71
User 1194: orig_top1=588, new_top1=588, items_removed=[2967, 1, 2214, 1010, 236, 997, 1310, 2959, 996, 998, 927, 288], user_hist_len=125
successful the user history is 191
successful the user history is 120
User 1197: orig_top1=760, new_top1=760, items_removed=[2295], user_hist_len=13
User 1198: orig_top1=1676, new_top1=1676, items_removed=[2214], user_hist_len=15
User 1199: orig_top1=544, new_top1=544, items_removed=[442, 2214, 1068, 236], user_hist_len=46
Processing user 1200/1208
successful the user history is 21
User 1201: orig_top1=2339, new_top1=2339, items_removed=[2169, 442, 2515, 2214, 3046, 544, 547, 2424, 103, 1010, 2285], user_hist_len=115
User 1202: orig_top1=32, new_top1=32, items_removed=[489, 1676, 2454, 1339, 103, 436, 290, 1010, 48, 3201, 666, 996, 544, 998, 2687, 1068], user_hist_len=169
User 1203: orig_top1=1806, new_top1=1806, items_removed=[2858, 104, 1019, 719, 994, 1346, 269, 771, 48, 1602, 1076, 2732], user_hist_len=129
successful the user history is 17
successful the user history is 33
successful the user history is 77
User 1207: orig_top1=545, new_top1=545, items_removed=[1676, 489], user_hist_len=29

=== Embedding Diffusion Evaluation Results ===
Number of users evaluated: 1208
Dataset: ML1M, Recommender: VAE

Average Metrics:
DEL: 0.0074
INS: 0.0213
NDCG: 0.2721
POS@1: 0.1620
POS@5: 0.3170
POS@10: 0.4121
POS@20: 0.5129
POS@50: 0.6450
POS@100: 0.7352
NEG@1: 0.4834
NEG@5: 0.7241
NEG@10: 0.7909
NEG@20: 0.8423
NEG@50: 0.8948
NEG@100: 0.9238

Results saved to: embedding_diffusion_eval_results_ml1m.pkl
