0
500
1000
 ============ Start explaining ML1M VAE by lxr ============
Evaluation method: onebyone
From file: VAE_lxr_expl_dict.pkl
User 0, total time: 3.43
User 500, total time: 1.38
User 1000, total time: 0.18
this experiment is for /home/amir.reza/counterfactual/DiffExplainer4RS/checkpoints/recommenders/VAE/VAE_ML1M_0.0007_128_10.pt and VAE

ONEBYONE Evaluation Results:
Maximum removal steps across all users: 817

Average Metrics at Key Steps:
Step 0 (remove 0 items):
  DEL: 0.0139, INS: 0.0042, NDCG: 1.0000
  POS@1: 1.0000, POS@3: 1.0000, POS@5: 1.0000, POS@10: 1.0000
  NEG@1: 1.0000, NEG@3: 1.0000, NEG@5: 1.0000, NEG@10: 1.0000
Step 1 (remove 1 items):
  DEL: 0.0129, INS: 0.0204, NDCG: 0.9249
  POS@1: 0.8212, POS@3: 0.9785, POS@5: 0.9934, POS@10: 0.9983
  NEG@1: 0.9272, NEG@3: 0.9967, NEG@5: 1.0000, NEG@10: 1.0000
Step 2 (remove 2 items):
  DEL: 0.0121, INS: 0.0282, NDCG: 0.8765
  POS@1: 0.7260, POS@3: 0.9421, POS@5: 0.9826, POS@10: 0.9950
  NEG@1: 0.8916, NEG@3: 0.9925, NEG@5: 0.9992, NEG@10: 1.0000
Step 3 (remove 3 items):
  DEL: 0.0112, INS: 0.0326, NDCG: 0.8346
  POS@1: 0.6545, POS@3: 0.8964, POS@5: 0.9437, POS@10: 0.9785
  NEG@1: 0.8749, NEG@3: 0.9859, NEG@5: 0.9992, NEG@10: 1.0000
Step 4 (remove 4 items):
  DEL: 0.0105, INS: 0.0360, NDCG: 0.7819
  POS@1: 0.5650, POS@3: 0.8368, POS@5: 0.9064, POS@10: 0.9586
  NEG@1: 0.8633, NEG@3: 0.9785, NEG@5: 0.9934, NEG@10: 0.9983
Step 5 (remove 5 items):
  DEL: 0.0098, INS: 0.0380, NDCG: 0.7391
  POS@1: 0.5029, POS@3: 0.7813, POS@5: 0.8633, POS@10: 0.9403
  NEG@1: 0.8401, NEG@3: 0.9669, NEG@5: 0.9892, NEG@10: 0.9967
Step 6 (remove 6 items):
  DEL: 0.0092, INS: 0.0390, NDCG: 0.7068
  POS@1: 0.4660, POS@3: 0.7313, POS@5: 0.8217, POS@10: 0.9088
  NEG@1: 0.8242, NEG@3: 0.9602, NEG@5: 0.9842, NEG@10: 0.9967
Step 7 (remove 7 items):
  DEL: 0.0087, INS: 0.0395, NDCG: 0.6776
  POS@1: 0.4302, POS@3: 0.6985, POS@5: 0.7890, POS@10: 0.8762
  NEG@1: 0.8148, NEG@3: 0.9551, NEG@5: 0.9784, NEG@10: 0.9917
Step 8 (remove 8 items):
  DEL: 0.0082, INS: 0.0396, NDCG: 0.6533
  POS@1: 0.4007, POS@3: 0.6675, POS@5: 0.7523, POS@10: 0.8404
  NEG@1: 0.7922, NEG@3: 0.9451, NEG@5: 0.9692, NEG@10: 0.9842
Step 9 (remove 9 items):
  DEL: 0.0078, INS: 0.0395, NDCG: 0.6324
  POS@1: 0.3791, POS@3: 0.6293, POS@5: 0.7280, POS@10: 0.8226
  NEG@1: 0.7849, NEG@3: 0.9381, NEG@5: 0.9665, NEG@10: 0.9833
Step 10 (remove 10 items):
  DEL: 0.0074, INS: 0.0395, NDCG: 0.6090
  POS@1: 0.3541, POS@3: 0.5944, POS@5: 0.7049, POS@10: 0.7934
  NEG@1: 0.7698, NEG@3: 0.9334, NEG@5: 0.9654, NEG@10: 0.9840
Step 15 (remove 15 items):
  DEL: 0.0060, INS: 0.0366, NDCG: 0.5238
  POS@1: 0.2587, POS@3: 0.4596, POS@5: 0.5822, POS@10: 0.7049
  NEG@1: 0.7182, NEG@3: 0.9049, NEG@5: 0.9413, NEG@10: 0.9671
Step 20 (remove 20 items):
  DEL: 0.0050, INS: 0.0336, NDCG: 0.4658
  POS@1: 0.1955, POS@3: 0.3910, POS@5: 0.4888, POS@10: 0.6373
  NEG@1: 0.7195, NEG@3: 0.8935, NEG@5: 0.9247, NEG@10: 0.9570
Step 25 (remove 25 items):
  DEL: 0.0044, INS: 0.0309, NDCG: 0.4315
  POS@1: 0.1665, POS@3: 0.3340, POS@5: 0.4361, POS@10: 0.5671
  NEG@1: 0.7143, NEG@3: 0.8829, NEG@5: 0.9205, NEG@10: 0.9549
Step 30 (remove 30 items):
  DEL: 0.0038, INS: 0.0279, NDCG: 0.3922
  POS@1: 0.1389, POS@3: 0.2778, POS@5: 0.3639, POS@10: 0.5006
  NEG@1: 0.6797, NEG@3: 0.8749, NEG@5: 0.9139, NEG@10: 0.9414
Step 50 (remove 50 items):
  DEL: 0.0027, INS: 0.0199, NDCG: 0.3081
  POS@1: 0.0831, POS@3: 0.1617, POS@5: 0.2240, POS@10: 0.3368
  NEG@1: 0.6513, NEG@3: 0.8234, NEG@5: 0.8887, NEG@10: 0.9273

Note: For onebyone method, metrics are computed per removal step rather than as overall averages.
 ============ Start explaining ML1M VAE by lime ============
Evaluation method: onebyone
From file: VAE_lime_expl_dict.pkl
User 0, total time: 3.38
User 500, total time: 1.32
User 1000, total time: 0.17
this experiment is for /home/amir.reza/counterfactual/DiffExplainer4RS/checkpoints/recommenders/VAE/VAE_ML1M_0.0007_128_10.pt and VAE

ONEBYONE Evaluation Results:
Maximum removal steps across all users: 817

Average Metrics at Key Steps:
Step 0 (remove 0 items):
  DEL: 0.0139, INS: 0.0042, NDCG: 1.0000
  POS@1: 1.0000, POS@3: 1.0000, POS@5: 1.0000, POS@10: 1.0000
  NEG@1: 1.0000, NEG@3: 1.0000, NEG@5: 1.0000, NEG@10: 1.0000
Step 1 (remove 1 items):
  DEL: 0.0132, INS: 0.0102, NDCG: 0.9363
  POS@1: 0.8469, POS@3: 0.9868, POS@5: 0.9975, POS@10: 0.9992
  NEG@1: 0.9106, NEG@3: 0.9934, NEG@5: 0.9975, NEG@10: 1.0000
Step 2 (remove 2 items):
  DEL: 0.0126, INS: 0.0128, NDCG: 0.8925
  POS@1: 0.7616, POS@3: 0.9421, POS@5: 0.9851, POS@10: 0.9959
  NEG@1: 0.9023, NEG@3: 0.9876, NEG@5: 0.9959, NEG@10: 1.0000
Step 3 (remove 3 items):
  DEL: 0.0122, INS: 0.0143, NDCG: 0.8629
  POS@1: 0.7125, POS@3: 0.9080, POS@5: 0.9594, POS@10: 0.9909
  NEG@1: 0.8790, NEG@3: 0.9826, NEG@5: 0.9925, NEG@10: 0.9967
Step 4 (remove 4 items):
  DEL: 0.0118, INS: 0.0157, NDCG: 0.8304
  POS@1: 0.6570, POS@3: 0.8782, POS@5: 0.9387, POS@10: 0.9727
  NEG@1: 0.8451, NEG@3: 0.9809, NEG@5: 0.9901, NEG@10: 0.9967
Step 5 (remove 5 items):
  DEL: 0.0113, INS: 0.0165, NDCG: 0.8019
  POS@1: 0.6089, POS@3: 0.8451, POS@5: 0.9089, POS@10: 0.9627
  NEG@1: 0.8401, NEG@3: 0.9702, NEG@5: 0.9851, NEG@10: 0.9917
Step 6 (remove 6 items):
  DEL: 0.0109, INS: 0.0171, NDCG: 0.7743
  POS@1: 0.5638, POS@3: 0.8134, POS@5: 0.8806, POS@10: 0.9494
  NEG@1: 0.8333, NEG@3: 0.9627, NEG@5: 0.9826, NEG@10: 0.9917
Step 7 (remove 7 items):
  DEL: 0.0105, INS: 0.0175, NDCG: 0.7522
  POS@1: 0.5307, POS@3: 0.7890, POS@5: 0.8605, POS@10: 0.9311
  NEG@1: 0.8264, NEG@3: 0.9502, NEG@5: 0.9743, NEG@10: 0.9875
Step 8 (remove 8 items):
  DEL: 0.0100, INS: 0.0178, NDCG: 0.7267
  POS@1: 0.4929, POS@3: 0.7598, POS@5: 0.8362, POS@10: 0.9152
  NEG@1: 0.8055, NEG@3: 0.9468, NEG@5: 0.9659, NEG@10: 0.9809
Step 9 (remove 9 items):
  DEL: 0.0098, INS: 0.0179, NDCG: 0.7132
  POS@1: 0.4770, POS@3: 0.7464, POS@5: 0.8259, POS@10: 0.8979
  NEG@1: 0.7883, NEG@3: 0.9339, NEG@5: 0.9598, NEG@10: 0.9824
Step 10 (remove 10 items):
  DEL: 0.0094, INS: 0.0180, NDCG: 0.7012
  POS@1: 0.4595, POS@3: 0.7175, POS@5: 0.8153, POS@10: 0.8904
  NEG@1: 0.7825, NEG@3: 0.9309, NEG@5: 0.9553, NEG@10: 0.9772
Step 15 (remove 15 items):
  DEL: 0.0077, INS: 0.0175, NDCG: 0.6299
  POS@1: 0.3840, POS@3: 0.6187, POS@5: 0.7316, POS@10: 0.8178
  NEG@1: 0.7582, NEG@3: 0.9129, NEG@5: 0.9431, NEG@10: 0.9627
Step 20 (remove 20 items):
  DEL: 0.0066, INS: 0.0162, NDCG: 0.5869
  POS@1: 0.3314, POS@3: 0.5494, POS@5: 0.6588, POS@10: 0.7693
  NEG@1: 0.7595, NEG@3: 0.9159, NEG@5: 0.9394, NEG@10: 0.9599
Step 25 (remove 25 items):
  DEL: 0.0059, INS: 0.0147, NDCG: 0.5664
  POS@1: 0.3136, POS@3: 0.5188, POS@5: 0.6198, POS@10: 0.7379
  NEG@1: 0.7615, NEG@3: 0.9108, NEG@5: 0.9388, NEG@10: 0.9656
Step 30 (remove 30 items):
  DEL: 0.0054, INS: 0.0136, NDCG: 0.5455
  POS@1: 0.2916, POS@3: 0.4902, POS@5: 0.5913, POS@10: 0.7245
  NEG@1: 0.7669, NEG@3: 0.9139, NEG@5: 0.9323, NEG@10: 0.9598
Step 50 (remove 50 items):
  DEL: 0.0042, INS: 0.0106, NDCG: 0.4620
  POS@1: 0.1944, POS@3: 0.3754, POS@5: 0.4941, POS@10: 0.6142
  NEG@1: 0.7255, NEG@3: 0.9036, NEG@5: 0.9258, NEG@10: 0.9510

Note: For onebyone method, metrics are computed per removal step rather than as overall averages.
 ============ Start explaining ML1M VAE by jaccard ============
Evaluation method: onebyone
From file: VAE_jaccard_expl_dict.pkl
User 0, total time: 3.42
User 500, total time: 1.30
User 1000, total time: 0.18
this experiment is for /home/amir.reza/counterfactual/DiffExplainer4RS/checkpoints/recommenders/VAE/VAE_ML1M_0.0007_128_10.pt and VAE

ONEBYONE Evaluation Results:
Maximum removal steps across all users: 817

Average Metrics at Key Steps:
Step 0 (remove 0 items):
  DEL: 0.0139, INS: 0.0042, NDCG: 1.0000
  POS@1: 1.0000, POS@3: 1.0000, POS@5: 1.0000, POS@10: 1.0000
  NEG@1: 1.0000, NEG@3: 1.0000, NEG@5: 1.0000, NEG@10: 1.0000
Step 1 (remove 1 items):
  DEL: 0.0127, INS: 0.0232, NDCG: 0.9146
  POS@1: 0.7947, POS@3: 0.9760, POS@5: 0.9925, POS@10: 0.9983
  NEG@1: 0.8874, NEG@3: 0.9892, NEG@5: 0.9983, NEG@10: 1.0000
Step 2 (remove 2 items):
  DEL: 0.0118, INS: 0.0279, NDCG: 0.8584
  POS@1: 0.6879, POS@3: 0.9288, POS@5: 0.9735, POS@10: 0.9934
  NEG@1: 0.8535, NEG@3: 0.9834, NEG@5: 0.9925, NEG@10: 0.9992
Step 3 (remove 3 items):
  DEL: 0.0111, INS: 0.0302, NDCG: 0.8176
  POS@1: 0.6230, POS@3: 0.8732, POS@5: 0.9387, POS@10: 0.9801
  NEG@1: 0.8210, NEG@3: 0.9743, NEG@5: 0.9917, NEG@10: 0.9983
Step 4 (remove 4 items):
  DEL: 0.0105, INS: 0.0311, NDCG: 0.7746
  POS@1: 0.5551, POS@3: 0.8302, POS@5: 0.9039, POS@10: 0.9644
  NEG@1: 0.7755, NEG@3: 0.9586, NEG@5: 0.9834, NEG@10: 0.9950
Step 5 (remove 5 items):
  DEL: 0.0099, INS: 0.0316, NDCG: 0.7410
  POS@1: 0.5079, POS@3: 0.7813, POS@5: 0.8724, POS@10: 0.9453
  NEG@1: 0.7614, NEG@3: 0.9379, NEG@5: 0.9751, NEG@10: 0.9925
Step 6 (remove 6 items):
  DEL: 0.0094, INS: 0.0315, NDCG: 0.7096
  POS@1: 0.4701, POS@3: 0.7297, POS@5: 0.8300, POS@10: 0.9080
  NEG@1: 0.7496, NEG@3: 0.9378, NEG@5: 0.9677, NEG@10: 0.9900
Step 7 (remove 7 items):
  DEL: 0.0090, INS: 0.0314, NDCG: 0.6867
  POS@1: 0.4410, POS@3: 0.6968, POS@5: 0.7998, POS@10: 0.8879
  NEG@1: 0.7309, NEG@3: 0.9269, NEG@5: 0.9643, NEG@10: 0.9884
Step 8 (remove 8 items):
  DEL: 0.0087, INS: 0.0308, NDCG: 0.6596
  POS@1: 0.3998, POS@3: 0.6658, POS@5: 0.7772, POS@10: 0.8695
  NEG@1: 0.7024, NEG@3: 0.9094, NEG@5: 0.9559, NEG@10: 0.9834
Step 9 (remove 9 items):
  DEL: 0.0083, INS: 0.0304, NDCG: 0.6384
  POS@1: 0.3824, POS@3: 0.6301, POS@5: 0.7397, POS@10: 0.8452
  NEG@1: 0.6962, NEG@3: 0.8946, NEG@5: 0.9490, NEG@10: 0.9816
Step 10 (remove 10 items):
  DEL: 0.0079, INS: 0.0300, NDCG: 0.6251
  POS@1: 0.3626, POS@3: 0.6121, POS@5: 0.7268, POS@10: 0.8314
  NEG@1: 0.6712, NEG@3: 0.8912, NEG@5: 0.9486, NEG@10: 0.9764
Step 15 (remove 15 items):
  DEL: 0.0066, INS: 0.0275, NDCG: 0.5558
  POS@1: 0.2898, POS@3: 0.5076, POS@5: 0.6151, POS@10: 0.7547
  NEG@1: 0.6373, NEG@3: 0.8676, NEG@5: 0.9253, NEG@10: 0.9618
Step 20 (remove 20 items):
  DEL: 0.0056, INS: 0.0249, NDCG: 0.5134
  POS@1: 0.2385, POS@3: 0.4585, POS@5: 0.5689, POS@10: 0.7087
  NEG@1: 0.6227, NEG@3: 0.8495, NEG@5: 0.9120, NEG@10: 0.9492
Step 25 (remove 25 items):
  DEL: 0.0050, INS: 0.0229, NDCG: 0.4829
  POS@1: 0.1955, POS@3: 0.4286, POS@5: 0.5274, POS@10: 0.6541
  NEG@1: 0.6262, NEG@3: 0.8496, NEG@5: 0.9055, NEG@10: 0.9538
Step 30 (remove 30 items):
  DEL: 0.0045, INS: 0.0212, NDCG: 0.4524
  POS@1: 0.1814, POS@3: 0.3731, POS@5: 0.4627, POS@10: 0.5970
  NEG@1: 0.6051, NEG@3: 0.8140, NEG@5: 0.9013, NEG@10: 0.9506
Step 50 (remove 50 items):
  DEL: 0.0030, INS: 0.0163, NDCG: 0.3605
  POS@1: 0.1024, POS@3: 0.2478, POS@5: 0.3264, POS@10: 0.4436
  NEG@1: 0.5668, NEG@3: 0.8234, NEG@5: 0.8917, NEG@10: 0.9525

Note: For onebyone method, metrics are computed per removal step rather than as overall averages.
 ============ Start explaining ML1M VAE by cosine ============
Evaluation method: onebyone
From file: VAE_cosine_expl_dict.pkl
User 0, total time: 3.35
User 500, total time: 1.34
User 1000, total time: 0.18
this experiment is for /home/amir.reza/counterfactual/DiffExplainer4RS/checkpoints/recommenders/VAE/VAE_ML1M_0.0007_128_10.pt and VAE

ONEBYONE Evaluation Results:
Maximum removal steps across all users: 817

Average Metrics at Key Steps:
Step 0 (remove 0 items):
  DEL: 0.0139, INS: 0.0042, NDCG: 1.0000
  POS@1: 1.0000, POS@3: 1.0000, POS@5: 1.0000, POS@10: 1.0000
  NEG@1: 1.0000, NEG@3: 1.0000, NEG@5: 1.0000, NEG@10: 1.0000
Step 1 (remove 1 items):
  DEL: 0.0127, INS: 0.0229, NDCG: 0.9179
  POS@1: 0.8030, POS@3: 0.9785, POS@5: 0.9934, POS@10: 0.9983
  NEG@1: 0.8916, NEG@3: 0.9909, NEG@5: 0.9992, NEG@10: 1.0000
Step 2 (remove 2 items):
  DEL: 0.0119, INS: 0.0274, NDCG: 0.8611
  POS@1: 0.6970, POS@3: 0.9288, POS@5: 0.9760, POS@10: 0.9934
  NEG@1: 0.8618, NEG@3: 0.9818, NEG@5: 0.9934, NEG@10: 0.9992
Step 3 (remove 3 items):
  DEL: 0.0112, INS: 0.0298, NDCG: 0.8257
  POS@1: 0.6421, POS@3: 0.8749, POS@5: 0.9428, POS@10: 0.9818
  NEG@1: 0.8426, NEG@3: 0.9751, NEG@5: 0.9909, NEG@10: 0.9983
Step 4 (remove 4 items):
  DEL: 0.0105, INS: 0.0309, NDCG: 0.7819
  POS@1: 0.5692, POS@3: 0.8326, POS@5: 0.9064, POS@10: 0.9611
  NEG@1: 0.7821, NEG@3: 0.9669, NEG@5: 0.9851, NEG@10: 0.9959
Step 5 (remove 5 items):
  DEL: 0.0100, INS: 0.0314, NDCG: 0.7474
  POS@1: 0.5186, POS@3: 0.7829, POS@5: 0.8790, POS@10: 0.9445
  NEG@1: 0.7705, NEG@3: 0.9528, NEG@5: 0.9776, NEG@10: 0.9925
Step 6 (remove 6 items):
  DEL: 0.0094, INS: 0.0314, NDCG: 0.7145
  POS@1: 0.4751, POS@3: 0.7338, POS@5: 0.8358, POS@10: 0.9171
  NEG@1: 0.7405, NEG@3: 0.9411, NEG@5: 0.9693, NEG@10: 0.9909
Step 7 (remove 7 items):
  DEL: 0.0090, INS: 0.0314, NDCG: 0.6947
  POS@1: 0.4535, POS@3: 0.7110, POS@5: 0.8073, POS@10: 0.8929
  NEG@1: 0.7326, NEG@3: 0.9261, NEG@5: 0.9610, NEG@10: 0.9859
Step 8 (remove 8 items):
  DEL: 0.0087, INS: 0.0310, NDCG: 0.6687
  POS@1: 0.4173, POS@3: 0.6766, POS@5: 0.7839, POS@10: 0.8678
  NEG@1: 0.7232, NEG@3: 0.9194, NEG@5: 0.9576, NEG@10: 0.9825
Step 9 (remove 9 items):
  DEL: 0.0082, INS: 0.0307, NDCG: 0.6450
  POS@1: 0.3883, POS@3: 0.6377, POS@5: 0.7523, POS@10: 0.8603
  NEG@1: 0.7038, NEG@3: 0.9096, NEG@5: 0.9573, NEG@10: 0.9833
Step 10 (remove 10 items):
  DEL: 0.0079, INS: 0.0301, NDCG: 0.6290
  POS@1: 0.3634, POS@3: 0.6214, POS@5: 0.7352, POS@10: 0.8474
  NEG@1: 0.6754, NEG@3: 0.8963, NEG@5: 0.9503, NEG@10: 0.9747
Step 15 (remove 15 items):
  DEL: 0.0065, INS: 0.0279, NDCG: 0.5657
  POS@1: 0.3013, POS@3: 0.5271, POS@5: 0.6284, POS@10: 0.7627
  NEG@1: 0.6551, NEG@3: 0.8720, NEG@5: 0.9218, NEG@10: 0.9573
Step 20 (remove 20 items):
  DEL: 0.0055, INS: 0.0256, NDCG: 0.5152
  POS@1: 0.2414, POS@3: 0.4692, POS@5: 0.5679, POS@10: 0.6931
  NEG@1: 0.6510, NEG@3: 0.8504, NEG@5: 0.9140, NEG@10: 0.9511
Step 25 (remove 25 items):
  DEL: 0.0048, INS: 0.0235, NDCG: 0.4873
  POS@1: 0.2159, POS@3: 0.4178, POS@5: 0.5231, POS@10: 0.6520
  NEG@1: 0.6305, NEG@3: 0.8668, NEG@5: 0.9108, NEG@10: 0.9538
Step 30 (remove 30 items):
  DEL: 0.0043, INS: 0.0218, NDCG: 0.4479
  POS@1: 0.1780, POS@3: 0.3559, POS@5: 0.4638, POS@10: 0.6096
  NEG@1: 0.6338, NEG@3: 0.8404, NEG@5: 0.9047, NEG@10: 0.9506
Step 50 (remove 50 items):
  DEL: 0.0029, INS: 0.0168, NDCG: 0.3481
  POS@1: 0.0905, POS@3: 0.2300, POS@5: 0.3012, POS@10: 0.4377
  NEG@1: 0.5742, NEG@3: 0.8190, NEG@5: 0.9095, NEG@10: 0.9525

Note: For onebyone method, metrics are computed per removal step rather than as overall averages.
 ============ Start explaining ML1M VAE by shap ============
Evaluation method: onebyone
From file: VAE_shap_expl_dict.pkl
User 0, total time: 3.33
User 500, total time: 1.31
User 1000, total time: 0.18
this experiment is for /home/amir.reza/counterfactual/DiffExplainer4RS/checkpoints/recommenders/VAE/VAE_ML1M_0.0007_128_10.pt and VAE

ONEBYONE Evaluation Results:
Maximum removal steps across all users: 817

Average Metrics at Key Steps:
Step 0 (remove 0 items):
  DEL: 0.0139, INS: 0.0042, NDCG: 1.0000
  POS@1: 1.0000, POS@3: 1.0000, POS@5: 1.0000, POS@10: 1.0000
  NEG@1: 1.0000, NEG@3: 1.0000, NEG@5: 1.0000, NEG@10: 1.0000
Step 1 (remove 1 items):
  DEL: 0.0138, INS: 0.0059, NDCG: 0.9635
  POS@1: 0.9081, POS@3: 0.9967, POS@5: 0.9992, POS@10: 1.0000
  NEG@1: 0.8675, NEG@3: 0.9884, NEG@5: 0.9992, NEG@10: 1.0000
Step 2 (remove 2 items):
  DEL: 0.0135, INS: 0.0073, NDCG: 0.9413
  POS@1: 0.8601, POS@3: 0.9843, POS@5: 0.9942, POS@10: 0.9975
  NEG@1: 0.8253, NEG@3: 0.9669, NEG@5: 0.9884, NEG@10: 0.9992
Step 3 (remove 3 items):
  DEL: 0.0135, INS: 0.0080, NDCG: 0.9224
  POS@1: 0.8210, POS@3: 0.9718, POS@5: 0.9851, POS@10: 0.9967
  NEG@1: 0.7697, NEG@3: 0.9478, NEG@5: 0.9743, NEG@10: 0.9950
Step 4 (remove 4 items):
  DEL: 0.0132, INS: 0.0088, NDCG: 0.9036
  POS@1: 0.7879, POS@3: 0.9561, POS@5: 0.9785, POS@10: 0.9892
  NEG@1: 0.7249, NEG@3: 0.9329, NEG@5: 0.9669, NEG@10: 0.9851
Step 5 (remove 5 items):
  DEL: 0.0130, INS: 0.0094, NDCG: 0.8838
  POS@1: 0.7490, POS@3: 0.9345, POS@5: 0.9693, POS@10: 0.9867
  NEG@1: 0.6926, NEG@3: 0.9097, NEG@5: 0.9511, NEG@10: 0.9809
Step 6 (remove 6 items):
  DEL: 0.0126, INS: 0.0103, NDCG: 0.8652
  POS@1: 0.7181, POS@3: 0.9212, POS@5: 0.9552, POS@10: 0.9760
  NEG@1: 0.6493, NEG@3: 0.8798, NEG@5: 0.9378, NEG@10: 0.9693
Step 7 (remove 7 items):
  DEL: 0.0123, INS: 0.0107, NDCG: 0.8472
  POS@1: 0.6885, POS@3: 0.8945, POS@5: 0.9452, POS@10: 0.9684
  NEG@1: 0.6213, NEG@3: 0.8505, NEG@5: 0.9078, NEG@10: 0.9593
Step 8 (remove 8 items):
  DEL: 0.0120, INS: 0.0114, NDCG: 0.8311
  POS@1: 0.6633, POS@3: 0.8761, POS@5: 0.9310, POS@10: 0.9684
  NEG@1: 0.6010, NEG@3: 0.8196, NEG@5: 0.8903, NEG@10: 0.9410
Step 9 (remove 9 items):
  DEL: 0.0116, INS: 0.0116, NDCG: 0.8072
  POS@1: 0.6167, POS@3: 0.8594, POS@5: 0.9197, POS@10: 0.9607
  NEG@1: 0.5690, NEG@3: 0.8017, NEG@5: 0.8728, NEG@10: 0.9314
Step 10 (remove 10 items):
  DEL: 0.0114, INS: 0.0118, NDCG: 0.7954
  POS@1: 0.6037, POS@3: 0.8364, POS@5: 0.9039, POS@10: 0.9511
  NEG@1: 0.5675, NEG@3: 0.7934, NEG@5: 0.8541, NEG@10: 0.9157
Step 15 (remove 15 items):
  DEL: 0.0098, INS: 0.0121, NDCG: 0.7404
  POS@1: 0.5289, POS@3: 0.7662, POS@5: 0.8400, POS@10: 0.9164
  NEG@1: 0.4960, NEG@3: 0.7182, NEG@5: 0.7929, NEG@10: 0.8622
Step 20 (remove 20 items):
  DEL: 0.0089, INS: 0.0114, NDCG: 0.7125
  POS@1: 0.4936, POS@3: 0.7185, POS@5: 0.8133, POS@10: 0.8935
  NEG@1: 0.4438, NEG@3: 0.6725, NEG@5: 0.7458, NEG@10: 0.8465
Step 25 (remove 25 items):
  DEL: 0.0078, INS: 0.0104, NDCG: 0.6972
  POS@1: 0.4769, POS@3: 0.7003, POS@5: 0.7895, POS@10: 0.8690
  NEG@1: 0.4082, NEG@3: 0.6294, NEG@5: 0.7132, NEG@10: 0.8228
Step 30 (remove 30 items):
  DEL: 0.0075, INS: 0.0098, NDCG: 0.6826
  POS@1: 0.4466, POS@3: 0.6980, POS@5: 0.7784, POS@10: 0.8634
  NEG@1: 0.3766, NEG@3: 0.6016, NEG@5: 0.7003, NEG@10: 0.7979
Step 50 (remove 50 items):
  DEL: 0.0058, INS: 0.0082, NDCG: 0.6050
  POS@1: 0.3472, POS@3: 0.5742, POS@5: 0.6869, POS@10: 0.8027
  NEG@1: 0.2804, NEG@3: 0.4777, NEG@5: 0.5772, NEG@10: 0.7077

Note: For onebyone method, metrics are computed per removal step rather than as overall averages.
 ============ Start explaining ML1M VAE by accent ============
Evaluation method: onebyone
From file: VAE_accent_expl_dict.pkl
User 0, total time: 3.28
User 500, total time: 1.29
User 1000, total time: 0.18
this experiment is for /home/amir.reza/counterfactual/DiffExplainer4RS/checkpoints/recommenders/VAE/VAE_ML1M_0.0007_128_10.pt and VAE

ONEBYONE Evaluation Results:
Maximum removal steps across all users: 817

Average Metrics at Key Steps:
Step 0 (remove 0 items):
  DEL: 0.0139, INS: 0.0042, NDCG: 1.0000
  POS@1: 1.0000, POS@3: 1.0000, POS@5: 1.0000, POS@10: 1.0000
  NEG@1: 1.0000, NEG@3: 1.0000, NEG@5: 1.0000, NEG@10: 1.0000
Step 1 (remove 1 items):
  DEL: 0.0129, INS: 0.0100, NDCG: 0.9658
  POS@1: 0.9156, POS@3: 0.9934, POS@5: 0.9983, POS@10: 1.0000
  NEG@1: 0.7988, NEG@3: 0.9826, NEG@5: 0.9975, NEG@10: 1.0000
Step 2 (remove 2 items):
  DEL: 0.0121, INS: 0.0125, NDCG: 0.9448
  POS@1: 0.8750, POS@3: 0.9760, POS@5: 0.9884, POS@10: 0.9975
  NEG@1: 0.6921, NEG@3: 0.9445, NEG@5: 0.9851, NEG@10: 0.9967
Step 3 (remove 3 items):
  DEL: 0.0115, INS: 0.0143, NDCG: 0.9207
  POS@1: 0.8335, POS@3: 0.9536, POS@5: 0.9685, POS@10: 0.9834
  NEG@1: 0.6239, NEG@3: 0.9147, NEG@5: 0.9776, NEG@10: 0.9967
Step 4 (remove 4 items):
  DEL: 0.0109, INS: 0.0157, NDCG: 0.8954
  POS@1: 0.7929, POS@3: 0.9213, POS@5: 0.9486, POS@10: 0.9743
  NEG@1: 0.5659, NEG@3: 0.8882, NEG@5: 0.9652, NEG@10: 0.9934
Step 5 (remove 5 items):
  DEL: 0.0103, INS: 0.0166, NDCG: 0.8656
  POS@1: 0.7423, POS@3: 0.8973, POS@5: 0.9370, POS@10: 0.9569
  NEG@1: 0.5228, NEG@3: 0.8600, NEG@5: 0.9445, NEG@10: 0.9892
Step 6 (remove 6 items):
  DEL: 0.0098, INS: 0.0174, NDCG: 0.8446
  POS@1: 0.7164, POS@3: 0.8599, POS@5: 0.9022, POS@10: 0.9444
  NEG@1: 0.5008, NEG@3: 0.8350, NEG@5: 0.9345, NEG@10: 0.9818
Step 7 (remove 7 items):
  DEL: 0.0093, INS: 0.0182, NDCG: 0.8206
  POS@1: 0.6827, POS@3: 0.8248, POS@5: 0.8779, POS@10: 0.9327
  NEG@1: 0.4684, NEG@3: 0.8032, NEG@5: 0.9178, NEG@10: 0.9701
Step 8 (remove 8 items):
  DEL: 0.0089, INS: 0.0188, NDCG: 0.7956
  POS@1: 0.6475, POS@3: 0.7963, POS@5: 0.8529, POS@10: 0.9036
  NEG@1: 0.4431, NEG@3: 0.7797, NEG@5: 0.8994, NEG@10: 0.9626
Step 9 (remove 9 items):
  DEL: 0.0086, INS: 0.0189, NDCG: 0.7796
  POS@1: 0.6218, POS@3: 0.7782, POS@5: 0.8444, POS@10: 0.8921
  NEG@1: 0.4318, NEG@3: 0.7573, NEG@5: 0.8820, NEG@10: 0.9523
Step 10 (remove 10 items):
  DEL: 0.0083, INS: 0.0190, NDCG: 0.7631
  POS@1: 0.5995, POS@3: 0.7614, POS@5: 0.8170, POS@10: 0.8828
  NEG@1: 0.4115, NEG@3: 0.7445, NEG@5: 0.8592, NEG@10: 0.9427
Step 15 (remove 15 items):
  DEL: 0.0068, INS: 0.0189, NDCG: 0.6847
  POS@1: 0.4907, POS@3: 0.6702, POS@5: 0.7360, POS@10: 0.8098
  NEG@1: 0.3387, NEG@3: 0.6791, NEG@5: 0.8107, NEG@10: 0.9093
Step 20 (remove 20 items):
  DEL: 0.0057, INS: 0.0177, NDCG: 0.6277
  POS@1: 0.4066, POS@3: 0.5982, POS@5: 0.6843, POS@10: 0.7693
  NEG@1: 0.3157, NEG@3: 0.6315, NEG@5: 0.7771, NEG@10: 0.8886
Step 25 (remove 25 items):
  DEL: 0.0050, INS: 0.0166, NDCG: 0.6035
  POS@1: 0.3888, POS@3: 0.5542, POS@5: 0.6402, POS@10: 0.7379
  NEG@1: 0.2943, NEG@3: 0.5994, NEG@5: 0.7487, NEG@10: 0.8829
Step 30 (remove 30 items):
  DEL: 0.0045, INS: 0.0158, NDCG: 0.5638
  POS@1: 0.3352, POS@3: 0.5109, POS@5: 0.5936, POS@10: 0.6866
  NEG@1: 0.2618, NEG@3: 0.5741, NEG@5: 0.7336, NEG@10: 0.8542
Step 50 (remove 50 items):
  DEL: 0.0031, INS: 0.0134, NDCG: 0.4570
  POS@1: 0.2196, POS@3: 0.3620, POS@5: 0.4585, POS@10: 0.5638
  NEG@1: 0.2240, NEG@3: 0.4926, NEG@5: 0.6291, NEG@10: 0.8042

Note: For onebyone method, metrics are computed per removal step rather than as overall averages.
