0
500
1000
1500
2000
2500
3000
3500
 ============ Start explaining Pinterest VAE by lxr ============
Evaluation method: binned
From file: VAE_lxr_expl_dict.pkl
User 0, total time: 0.38
User 500, total time: 0.37
User 1000, total time: 0.38
User 1500, total time: 0.37
User 2000, total time: 0.37
User 2500, total time: 0.38
User 3000, total time: 0.37
User 3500, total time: 0.37
this experiment is for /home/amir.reza/counterfactual/DiffExplainer4RS/checkpoints/recommenders/VAE/VAE_Pinterest_0_11_128.pt and VAE
users_DEL_lxr:  0.008673099326774321
users_INS_lxr:  0.013826211259809089
NDCG_lxr:  0.4493429320311544
POS_at_1_lxr:  0.25077715289148333
POS_at_3_lxr:  0.36926034028618215
POS_at_5_lxr:  0.43007996962578016
POS_at_10_lxr:  0.5149854061365416
POS_at_20_lxr:  0.5961889845993213
POS_at_50_lxr:  0.693006810469614
POS_at_100_lxr:  0.7597114449111317
NEG_at_1_lxr:  0.36522626420825327
NEG_at_3_lxr:  0.5286538050829358
NEG_at_5_lxr:  0.5978500747490568
NEG_at_10_lxr:  0.6816164780142854
NEG_at_20_lxr:  0.7524263781115778
NEG_at_50_lxr:  0.8206259936878575
NEG_at_100_lxr:  0.8585700386796706
0.008673099326774321 0.013826211259809089 0.4493429320311544 0.25077715289148333 0.36522626420825327 0.43007996962578016 0.5978500747490568 0.5149854061365416 0.6816164780142854 0.5961889845993213 0.7524263781115778 0.693006810469614 0.8206259936878575 0.7597114449111317 0.8585700386796706
 ============ Start explaining Pinterest VAE by lime ============
Evaluation method: binned
From file: VAE_lime_expl_dict.pkl
User 0, total time: 0.33
User 500, total time: 0.33
User 1000, total time: 0.33
User 1500, total time: 0.33
User 2000, total time: 0.33
User 2500, total time: 0.33
User 3000, total time: 0.33
User 3500, total time: 0.33
this experiment is for /home/amir.reza/counterfactual/DiffExplainer4RS/checkpoints/recommenders/VAE/VAE_Pinterest_0_11_128.pt and VAE
users_DEL_lime:  0.008374231799899767
users_INS_lime:  0.014891878150807758
NDCG_lime:  0.41817102427144953
POS_at_1_lime:  0.21674853468118935
POS_at_3_lime:  0.33027218148596377
POS_at_5_lime:  0.3903799150471038
POS_at_10_lime:  0.47630573550698846
POS_at_20_lime:  0.5602857075057545
POS_at_50_lime:  0.6644835196127287
POS_at_100_lime:  0.7376901354974965
NEG_at_1_lime:  0.4464773023895968
NEG_at_3_lime:  0.6156949289290714
NEG_at_5_lime:  0.6778908901070216
NEG_at_10_lime:  0.7501483116205121
NEG_at_20_lime:  0.8042523907833227
NEG_at_50_lime:  0.8532308203412353
NEG_at_100_lime:  0.8810659452789446
0.008374231799899767 0.014891878150807758 0.41817102427144953 0.21674853468118935 0.4464773023895968 0.3903799150471038 0.6778908901070216 0.47630573550698846 0.7501483116205121 0.5602857075057545 0.8042523907833227 0.6644835196127287 0.8532308203412353 0.7376901354974965 0.8810659452789446
 ============ Start explaining Pinterest VAE by jaccard ============
Evaluation method: binned
From file: VAE_jaccard_expl_dict.pkl
User 0, total time: 0.33
User 500, total time: 0.33
User 1000, total time: 0.33
User 1500, total time: 0.34
User 2000, total time: 0.33
User 2500, total time: 0.33
User 3000, total time: 0.33
User 3500, total time: 0.34
this experiment is for /home/amir.reza/counterfactual/DiffExplainer4RS/checkpoints/recommenders/VAE/VAE_Pinterest_0_11_128.pt and VAE
users_DEL_jaccard:  0.006866829574853874
users_INS_jaccard:  0.016709509328429316
NDCG_jaccard:  0.3705337794641658
POS_at_1_jaccard:  0.18089271730618636
POS_at_3_jaccard:  0.2714458603260483
POS_at_5_jaccard:  0.3214209439738022
POS_at_10_jaccard:  0.39747514297240216
POS_at_20_jaccard:  0.477207470159702
POS_at_50_jaccard:  0.5860326048266533
POS_at_100_jaccard:  0.6653377945468784
NEG_at_1_jaccard:  0.4686884506774875
NEG_at_3_jaccard:  0.6473980209297359
NEG_at_5_jaccard:  0.7150993094610949
NEG_at_10_jaccard:  0.7868584039296647
NEG_at_20_jaccard:  0.8400607484397618
NEG_at_50_jaccard:  0.8812795140124818
NEG_at_100_jaccard:  0.8995752355188534
0.006866829574853874 0.016709509328429316 0.3705337794641658 0.18089271730618636 0.4686884506774875 0.3214209439738022 0.7150993094610949 0.39747514297240216 0.7868584039296647 0.477207470159702 0.8400607484397618 0.5860326048266533 0.8812795140124818 0.6653377945468784 0.8995752355188534
 ============ Start explaining Pinterest VAE by cosine ============
Evaluation method: binned
From file: VAE_cosine_expl_dict.pkl
User 0, total time: 0.33
User 500, total time: 0.33
User 1000, total time: 0.34
User 1500, total time: 0.33
User 2000, total time: 0.34
User 2500, total time: 0.34
User 3000, total time: 0.34
User 3500, total time: 0.34
this experiment is for /home/amir.reza/counterfactual/DiffExplainer4RS/checkpoints/recommenders/VAE/VAE_Pinterest_0_11_128.pt and VAE
users_DEL_cosine:  0.006818269415747296
users_INS_cosine:  0.01682950731724381
NDCG_cosine:  0.3674567474193265
POS_at_1_cosine:  0.17768918630312522
POS_at_3_cosine:  0.2679575710116039
POS_at_5_cosine:  0.3178140053629482
POS_at_10_cosine:  0.39339360717590943
POS_at_20_cosine:  0.4728649059111079
POS_at_50_cosine:  0.5824493960750813
POS_at_100_cosine:  0.6625139412923281
NEG_at_1_cosine:  0.47170214280629313
NEG_at_3_cosine:  0.6512422581334093
NEG_at_5_cosine:  0.7180655418713368
NEG_at_10_cosine:  0.7888279822500652
NEG_at_20_cosine:  0.8404641560475546
NEG_at_50_cosine:  0.8815405424645831
NEG_at_100_cosine:  0.8995040459410075
0.006818269415747296 0.01682950731724381 0.3674567474193265 0.17768918630312522 0.47170214280629313 0.3178140053629482 0.7180655418713368 0.39339360717590943 0.7888279822500652 0.4728649059111079 0.8404641560475546 0.5824493960750813 0.8815405424645831 0.6625139412923281 0.8995040459410075
 ============ Start explaining Pinterest VAE by shap ============
Evaluation method: binned
From file: VAE_shap_expl_dict.pkl
User 0, total time: 0.33
User 500, total time: 0.33
User 1000, total time: 0.33
User 1500, total time: 0.33
User 2000, total time: 0.33
User 2500, total time: 0.33
User 3000, total time: 0.33
User 3500, total time: 0.33
this experiment is for /home/amir.reza/counterfactual/DiffExplainer4RS/checkpoints/recommenders/VAE/VAE_Pinterest_0_11_128.pt and VAE
users_DEL_shap:  0.010496352527209455
users_INS_shap:  0.011504844720555074
NDCG_shap:  0.5088567036273192
POS_at_1_shap:  0.30219975795543536
POS_at_3_shap:  0.45041645903039795
POS_at_5_shap:  0.519541539118673
POS_at_10_shap:  0.6066775824019364
POS_at_20_shap:  0.682138534918488
POS_at_50_shap:  0.7609216677345103
POS_at_100_shap:  0.8109204812415463
NEG_at_1_shap:  0.29913860610806575
NEG_at_3_shap:  0.44510097055124465
NEG_at_5_shap:  0.513775183313163
NEG_at_10_shap:  0.5994399753209464
NEG_at_20_shap:  0.6758738520680573
NEG_at_50_shap:  0.755250231366128
NEG_at_100_shap:  0.805249044873164
0.010496352527209455 0.011504844720555074 0.5088567036273192 0.30219975795543536 0.29913860610806575 0.519541539118673 0.513775183313163 0.6066775824019364 0.5994399753209464 0.682138534918488 0.6758738520680573 0.7609216677345103 0.755250231366128 0.8109204812415463 0.805249044873164
 ============ Start explaining Pinterest VAE by accent ============
Evaluation method: binned
From file: VAE_accent_expl_dict.pkl
User 0, total time: 0.34
User 500, total time: 0.34
User 1000, total time: 0.34
User 1500, total time: 0.34
User 2000, total time: 0.34
User 2500, total time: 0.34
User 3000, total time: 0.34
User 3500, total time: 0.34
this experiment is for /home/amir.reza/counterfactual/DiffExplainer4RS/checkpoints/recommenders/VAE/VAE_Pinterest_0_11_128.pt and VAE
users_DEL_accent:  0.008153789628206863
users_INS_accent:  0.014155461092973803
NDCG_accent:  0.4514268371455679
POS_at_1_accent:  0.2724425144158895
POS_at_3_accent:  0.3703281839538692
POS_at_5_accent:  0.41785909209558386
POS_at_10_accent:  0.4885266130371847
POS_at_20_accent:  0.5619942573740537
POS_at_50_accent:  0.6569374243610735
POS_at_100_accent:  0.7258963954343751
NEG_at_1_accent:  0.20395814052822667
NEG_at_3_accent:  0.3857525924871265
NEG_at_5_accent:  0.49130300657317105
NEG_at_10_accent:  0.6162881754111198
NEG_at_20_accent:  0.7115161007095229
NEG_at_50_accent:  0.8019980541515389
NEG_at_100_accent:  0.8520680572364207
0.008153789628206863 0.014155461092973803 0.4514268371455679 0.2724425144158895 0.20395814052822667 0.41785909209558386 0.49130300657317105 0.4885266130371847 0.6162881754111198 0.5619942573740537 0.7115161007095229 0.6569374243610735 0.8019980541515389 0.7258963954343751 0.8520680572364207
