0
500
1000
1500
2000
2500
 ============ Start explaining Yahoo VAE by lxr ============
Evaluation method: binned
From file: VAE_lxr_expl_dict.pkl
User 0, total time: 0.26
User 500, total time: 0.22
User 1000, total time: 0.22
User 1500, total time: 0.22
User 2000, total time: 0.21
User 2500, total time: 0.22
this experiment is for /home/amir.reza/counterfactual/DiffExplainer4RS/checkpoints/recommenders/VAE/VAE_Yahoo_0.0001_128_13.pt and VAE
users_DEL_lxr:  0.014408371927320744
users_INS_lxr:  0.041453115995390186
NDCG_lxr:  0.4286721696046442
POS_at_1_lxr:  0.21007905138339922
POS_at_3_lxr:  0.3258893280632411
POS_at_5_lxr:  0.3934453227931489
POS_at_10_lxr:  0.48830698287220026
POS_at_20_lxr:  0.5886034255599473
POS_at_50_lxr:  0.7418642951251647
POS_at_100_lxr:  0.8539196310935442
NEG_at_1_lxr:  0.5677865612648221
NEG_at_3_lxr:  0.7015151515151515
NEG_at_5_lxr:  0.7430171277997364
NEG_at_10_lxr:  0.7865942028985508
NEG_at_20_lxr:  0.8274703557312254
NEG_at_50_lxr:  0.8902503293807641
NEG_at_100_lxr:  0.939163372859025
0.014408371927320744 0.041453115995390186 0.4286721696046442 0.21007905138339922 0.5677865612648221 0.3934453227931489 0.7430171277997364 0.48830698287220026 0.7865942028985508 0.5886034255599473 0.8274703557312254 0.7418642951251647 0.8902503293807641 0.8539196310935442 0.939163372859025
 ============ Start explaining Yahoo VAE by lime ============
Evaluation method: binned
From file: VAE_lime_expl_dict.pkl
User 0, total time: 0.21
User 500, total time: 0.20
User 1000, total time: 0.20
User 1500, total time: 0.21
User 2000, total time: 0.20
User 2500, total time: 0.21
this experiment is for /home/amir.reza/counterfactual/DiffExplainer4RS/checkpoints/recommenders/VAE/VAE_Yahoo_0.0001_128_13.pt and VAE
users_DEL_lime:  0.02059386483711276
users_INS_lime:  0.03227670545016656
NDCG_lime:  0.5535782312387809
POS_at_1_lime:  0.33306982872200264
POS_at_3_lime:  0.5018445322793148
POS_at_5_lime:  0.5760540184453228
POS_at_10_lime:  0.6637351778656126
POS_at_20_lime:  0.7444005270092227
POS_at_50_lime:  0.8507905138339921
POS_at_100_lime:  0.9186758893280632
NEG_at_1_lime:  0.4790843214756258
NEG_at_3_lime:  0.645421607378129
NEG_at_5_lime:  0.7025032938076416
NEG_at_10_lime:  0.7657773386034256
NEG_at_20_lime:  0.8162714097496706
NEG_at_50_lime:  0.887220026350461
NEG_at_100_lime:  0.9390645586297761
0.02059386483711276 0.03227670545016656 0.5535782312387809 0.33306982872200264 0.4790843214756258 0.5760540184453228 0.7025032938076416 0.6637351778656126 0.7657773386034256 0.7444005270092227 0.8162714097496706 0.8507905138339921 0.887220026350461 0.9186758893280632 0.9390645586297761
 ============ Start explaining Yahoo VAE by jaccard ============
Evaluation method: binned
From file: VAE_jaccard_expl_dict.pkl
User 0, total time: 0.21
User 500, total time: 0.21
User 1000, total time: 0.21
User 1500, total time: 0.21
User 2000, total time: 0.21
User 2500, total time: 0.21
this experiment is for /home/amir.reza/counterfactual/DiffExplainer4RS/checkpoints/recommenders/VAE/VAE_Yahoo_0.0001_128_13.pt and VAE
users_DEL_jaccard:  0.014883414719055466
users_INS_jaccard:  0.041605004350651106
NDCG_jaccard:  0.442322801197333
POS_at_1_jaccard:  0.21511857707509882
POS_at_3_jaccard:  0.34426877470355727
POS_at_5_jaccard:  0.41940052700922265
POS_at_10_jaccard:  0.5224967061923583
POS_at_20_jaccard:  0.6253293807641634
POS_at_50_jaccard:  0.7714426877470355
POS_at_100_jaccard:  0.8700922266139658
NEG_at_1_jaccard:  0.5468708827404479
NEG_at_3_jaccard:  0.7135046113306983
NEG_at_5_jaccard:  0.7605401844532279
NEG_at_10_jaccard:  0.8041501976284585
NEG_at_20_jaccard:  0.8387022397891963
NEG_at_50_jaccard:  0.8957839262187088
NEG_at_100_jaccard:  0.9420619235836627
0.014883414719055466 0.041605004350651106 0.442322801197333 0.21511857707509882 0.5468708827404479 0.41940052700922265 0.7605401844532279 0.5224967061923583 0.8041501976284585 0.6253293807641634 0.8387022397891963 0.7714426877470355 0.8957839262187088 0.8700922266139658 0.9420619235836627
 ============ Start explaining Yahoo VAE by cosine ============
Evaluation method: binned
From file: VAE_cosine_expl_dict.pkl
User 0, total time: 0.21
User 500, total time: 0.21
User 1000, total time: 0.21
User 1500, total time: 0.21
User 2000, total time: 0.20
User 2500, total time: 0.21
this experiment is for /home/amir.reza/counterfactual/DiffExplainer4RS/checkpoints/recommenders/VAE/VAE_Yahoo_0.0001_128_13.pt and VAE
users_DEL_cosine:  0.014482709891126273
users_INS_cosine:  0.04202142243994197
NDCG_cosine:  0.43169958490058685
POS_at_1_cosine:  0.20793807641633727
POS_at_3_cosine:  0.33007246376811594
POS_at_5_cosine:  0.40174571805006587
POS_at_10_cosine:  0.502931488801054
POS_at_20_cosine:  0.6048418972332016
POS_at_50_cosine:  0.7558959156785244
POS_at_100_cosine:  0.8598155467720685
NEG_at_1_cosine:  0.5552371541501977
NEG_at_3_cosine:  0.7164031620553359
NEG_at_5_cosine:  0.7620882740447958
NEG_at_10_cosine:  0.8046442687747036
NEG_at_20_cosine:  0.8384716732542818
NEG_at_50_cosine:  0.8956851119894598
NEG_at_100_cosine:  0.9420948616600789
0.014482709891126273 0.04202142243994197 0.43169958490058685 0.20793807641633727 0.5552371541501977 0.40174571805006587 0.7620882740447958 0.502931488801054 0.8046442687747036 0.6048418972332016 0.8384716732542818 0.7558959156785244 0.8956851119894598 0.8598155467720685 0.9420948616600789
 ============ Start explaining Yahoo VAE by shap ============
Evaluation method: binned
From file: VAE_shap_expl_dict.pkl
User 0, total time: 0.20
User 500, total time: 0.21
User 1000, total time: 0.20
User 1500, total time: 0.20
User 2000, total time: 0.20
User 2500, total time: 0.21
this experiment is for /home/amir.reza/counterfactual/DiffExplainer4RS/checkpoints/recommenders/VAE/VAE_Yahoo_0.0001_128_13.pt and VAE
users_DEL_shap:  0.02084692296484236
users_INS_shap:  0.03023306645942676
NDCG_shap:  0.5758813128945306
POS_at_1_shap:  0.3593544137022398
POS_at_3_shap:  0.5294137022397892
POS_at_5_shap:  0.6040184453227931
POS_at_10_shap:  0.6885375494071145
POS_at_20_shap:  0.7645586297760211
POS_at_50_shap:  0.8635046113306983
POS_at_100_shap:  0.927733860342556
NEG_at_1_shap:  0.3355072463768116
NEG_at_3_shap:  0.4784914361001318
NEG_at_5_shap:  0.5423913043478261
NEG_at_10_shap:  0.6267127799736495
NEG_at_20_shap:  0.7091238471673255
NEG_at_50_shap:  0.8259881422924901
NEG_at_100_shap:  0.9043148880105402
0.02084692296484236 0.03023306645942676 0.5758813128945306 0.3593544137022398 0.3355072463768116 0.6040184453227931 0.5423913043478261 0.6885375494071145 0.6267127799736495 0.7645586297760211 0.7091238471673255 0.8635046113306983 0.8259881422924901 0.927733860342556 0.9043148880105402
 ============ Start explaining Yahoo VAE by accent ============
Evaluation method: binned
From file: VAE_accent_expl_dict.pkl
User 0, total time: 0.21
User 500, total time: 0.21
User 1000, total time: 0.21
User 1500, total time: 0.21
User 2000, total time: 0.21
User 2500, total time: 0.21
this experiment is for /home/amir.reza/counterfactual/DiffExplainer4RS/checkpoints/recommenders/VAE/VAE_Yahoo_0.0001_128_13.pt and VAE
users_DEL_accent:  0.018991649227950918
users_INS_accent:  0.03232800832645889
NDCG_accent:  0.5528296075591986
POS_at_1_accent:  0.3621870882740448
POS_at_3_accent:  0.4846179183135705
POS_at_5_accent:  0.5409090909090909
POS_at_10_accent:  0.6215085638998682
POS_at_20_accent:  0.7037878787878789
POS_at_50_accent:  0.8209815546772069
POS_at_100_accent:  0.8991436100131752
NEG_at_1_accent:  0.27180500658761525
NEG_at_3_accent:  0.4773056653491436
NEG_at_5_accent:  0.5834650856389987
NEG_at_10_accent:  0.6937417654808959
NEG_at_20_accent:  0.7787220026350462
NEG_at_50_accent:  0.8767127799736495
NEG_at_100_accent:  0.9357048748353096
0.018991649227950918 0.03232800832645889 0.5528296075591986 0.3621870882740448 0.27180500658761525 0.5409090909090909 0.5834650856389987 0.6215085638998682 0.6937417654808959 0.7037878787878789 0.7787220026350462 0.8209815546772069 0.8767127799736495 0.8991436100131752 0.9357048748353096
