0
500
1000
 ============ Start explaining ML1M VAE by lxr ============
User 0, total time: 0.17
User 500, total time: 0.16
User 1000, total time: 0.16
users_DEL_lxr:  0.006196336442473015
users_INS_lxr:  0.022446873899450267
NDCG_lxr:  0.39399998286186144
POS_at_1_lxr:  0.19137567730282962
POS_at_3_lxr:  0.29101444912703195
POS_at_5_lxr:  0.347682119205298
POS_at_10_lxr:  0.4299367850692354
POS_at_20_lxr:  0.5181366646598434
POS_at_50_lxr:  0.6499849488260084
POS_at_100_lxr:  0.7451083684527393
NEG_at_1_lxr:  0.6127332931968693
NEG_at_3_lxr:  0.7758127633955448
NEG_at_5_lxr:  0.8222456351595424
NEG_at_10_lxr:  0.8650662251655629
NEG_at_20_lxr:  0.8937387116195064
NEG_at_50_lxr:  0.931140878988561
NEG_at_100_lxr:  0.947471402769416
0.006196336442473015 0.022446873899450267 0.39399998286186144 0.19137567730282962 0.29101444912703195 0.6127332931968693 0.7758127633955448 0.347682119205298 0.8222456351595424 0.4299367850692354 0.8650662251655629 0.5181366646598434 0.8937387116195064 0.6499849488260084 0.931140878988561 0.7451083684527393 0.947471402769416
 ============ Start explaining ML1M VAE by lime ============
User 0, total time: 0.16
User 500, total time: 0.16
User 1000, total time: 0.15
users_DEL_lime:  0.0082705274020809
users_INS_lime:  0.015598107265018606
NDCG_lime:  0.5022484924692452
POS_at_1_lime:  0.28100541842263693
POS_at_3_lime:  0.4271523178807947
POS_at_5_lime:  0.5018061408789886
POS_at_10_lime:  0.6043798916315473
POS_at_20_lime:  0.6980734497290788
POS_at_50_lime:  0.8129139072847682
POS_at_100_lime:  0.8792895845875979
NEG_at_1_lime:  0.60919626730885
NEG_at_3_lime:  0.7744581577363034
NEG_at_5_lime:  0.8234497290788682
NEG_at_10_lime:  0.8707104154124021
NEG_at_20_lime:  0.9015653220951233
NEG_at_50_lime:  0.9358067429259482
NEG_at_100_lime:  0.9510836845273932
0.0082705274020809 0.015598107265018606 0.5022484924692452 0.28100541842263693 0.4271523178807947 0.60919626730885 0.7744581577363034 0.5018061408789886 0.8234497290788682 0.6043798916315473 0.8707104154124021 0.6980734497290788 0.9015653220951233 0.8129139072847682 0.9358067429259482 0.8792895845875979 0.9510836845273932
 ============ Start explaining ML1M VAE by jaccard ============
User 0, total time: 0.16
User 500, total time: 0.16
User 1000, total time: 0.16
users_DEL_jaccard:  0.006997741025983116
users_INS_jaccard:  0.019763164389332705
NDCG_jaccard:  0.44438571871910415
POS_at_1_jaccard:  0.22576760987357017
POS_at_3_jaccard:  0.35543347381095725
POS_at_5_jaccard:  0.42587296809151115
POS_at_10_jaccard:  0.5197922937989163
POS_at_20_jaccard:  0.6149157134256472
POS_at_50_jaccard:  0.7409692956050572
POS_at_100_jaccard:  0.8182570740517761
NEG_at_1_jaccard:  0.543648404575557
NEG_at_3_jaccard:  0.7514298615291993
NEG_at_5_jaccard:  0.8180313064419025
NEG_at_10_jaccard:  0.8810204695966285
NEG_at_20_jaccard:  0.9140577965081277
NEG_at_50_jaccard:  0.9416014449127033
NEG_at_100_jaccard:  0.9539434075857917
0.006997741025983116 0.019763164389332705 0.44438571871910415 0.22576760987357017 0.35543347381095725 0.543648404575557 0.7514298615291993 0.42587296809151115 0.8180313064419025 0.5197922937989163 0.8810204695966285 0.6149157134256472 0.9140577965081277 0.7409692956050572 0.9416014449127033 0.8182570740517761 0.9539434075857917
 ============ Start explaining ML1M VAE by cosine ============
User 0, total time: 0.16
User 500, total time: 0.16
User 1000, total time: 0.16
users_DEL_cosine:  0.00683951329301023
users_INS_cosine:  0.020030748709871975
NDCG_cosine:  0.43467831887105174
POS_at_1_cosine:  0.22042444310656228
POS_at_3_cosine:  0.3431667670078266
POS_at_5_cosine:  0.4115743527995184
POS_at_10_cosine:  0.5004515352197471
POS_at_20_cosine:  0.5952739313666466
POS_at_50_cosine:  0.7211770018061409
POS_at_100_cosine:  0.8027543648404576
NEG_at_1_cosine:  0.5517760385310054
NEG_at_3_cosine:  0.7522576760987357
NEG_at_5_cosine:  0.8174292594822397
NEG_at_10_cosine:  0.8789133052378085
NEG_at_20_cosine:  0.9111228175797713
NEG_at_50_cosine:  0.9396447922937988
NEG_at_100_cosine:  0.9535671282360024
0.00683951329301023 0.020030748709871975 0.43467831887105174 0.22042444310656228 0.3431667670078266 0.5517760385310054 0.7522576760987357 0.4115743527995184 0.8174292594822397 0.5004515352197471 0.8789133052378085 0.5952739313666466 0.9111228175797713 0.7211770018061409 0.9396447922937988 0.8027543648404576 0.9535671282360024
 ============ Start explaining ML1M VAE by shap ============
User 0, total time: 0.16
User 500, total time: 0.15
User 1000, total time: 0.15
users_DEL_shap:  0.01025349998489001
users_INS_shap:  0.012053291528385194
NDCG_shap:  0.6084987803495195
POS_at_1_shap:  0.3932119205298013
POS_at_3_shap:  0.5799969897652016
POS_at_5_shap:  0.6526189042745334
POS_at_10_shap:  0.7367549668874173
POS_at_20_shap:  0.8058398555087297
POS_at_50_shap:  0.8819987959060807
POS_at_100_shap:  0.9196267308850091
NEG_at_1_shap:  0.3400812763395545
NEG_at_3_shap:  0.49774232390126427
NEG_at_5_shap:  0.5688591210114389
NEG_at_10_shap:  0.661800120409392
NEG_at_20_shap:  0.7448826008428658
NEG_at_50_shap:  0.8446718844069837
NEG_at_100_shap:  0.8960716435881999
0.01025349998489001 0.012053291528385194 0.6084987803495195 0.3932119205298013 0.5799969897652016 0.3400812763395545 0.49774232390126427 0.6526189042745334 0.5688591210114389 0.7367549668874173 0.661800120409392 0.8058398555087297 0.7448826008428658 0.8819987959060807 0.8446718844069837 0.9196267308850091 0.8960716435881999
 ============ Start explaining ML1M VAE by accent ============
User 0, total time: 0.16
User 500, total time: 0.16
User 1000, total time: 0.15
users_DEL_accent:  0.007185579442187826
users_INS_accent:  0.01714189358988746
NDCG_accent:  0.5057125792915449
POS_at_1_accent:  0.3138169777242625
POS_at_3_accent:  0.4274533413606261
POS_at_5_accent:  0.48344370860927155
POS_at_10_accent:  0.5653973509933775
POS_at_20_accent:  0.6497591812161349
POS_at_50_accent:  0.7627182420228777
POS_at_100_accent:  0.8372215532811559
NEG_at_1_accent:  0.29823901264298613
NEG_at_3_accent:  0.5280704394942806
NEG_at_5_accent:  0.6434376881396748
NEG_at_10_accent:  0.7583534015653222
NEG_at_20_accent:  0.8405328115593016
NEG_at_50_accent:  0.9127031908488862
NEG_at_100_accent:  0.9431065623118603
0.007185579442187826 0.01714189358988746 0.5057125792915449 0.3138169777242625 0.4274533413606261 0.29823901264298613 0.5280704394942806 0.48344370860927155 0.6434376881396748 0.5653973509933775 0.7583534015653222 0.6497591812161349 0.8405328115593016 0.7627182420228777 0.9127031908488862 0.8372215532811559 0.9431065623118603
